2025-07-22 10:15:35 | INFO     | config.logger:log_startup:90 | 🚀 Fitness CRM запущено
2025-07-22 10:15:35 | INFO     | config.logger:log_startup:91 | 📁 Робоча директорія: C:\Users\vedor\OneDrive\Рабочий стол\fitness_crm_pyside6
2025-07-22 10:15:35 | INFO     | config.logger:log_startup:92 | 🐍 Python версія: 3.12.9 (tags/v3.12.9:fdb8142, Feb  4 2025, 15:27:58) [MSC v.1942 64 bit (AMD64)]
2025-07-22 10:19:23 | INFO     | config.logger:log_startup:90 | 🚀 Fitness CRM запущено
2025-07-22 10:19:23 | INFO     | config.logger:log_startup:91 | 📁 Робоча директорія: C:\Users\vedor\OneDrive\Рабочий стол\fitness_crm_pyside6
2025-07-22 10:19:23 | INFO     | config.logger:log_startup:92 | 🐍 Python версія: 3.12.9 (tags/v3.12.9:fdb8142, Feb  4 2025, 15:27:58) [MSC v.1942 64 bit (AMD64)]
2025-07-22 10:19:23 | INFO     | __main__:main:21 | 🚀 Запуск Fitness CRM...
2025-07-22 10:19:37 | INFO     | config.logger:log_startup:90 | 🚀 Fitness CRM запущено
2025-07-22 10:19:37 | INFO     | config.logger:log_startup:91 | 📁 Робоча директорія: C:\Users\vedor\OneDrive\Рабочий стол\fitness_crm_pyside6
2025-07-22 10:19:37 | INFO     | config.logger:log_startup:92 | 🐍 Python версія: 3.12.9 (tags/v3.12.9:fdb8142, Feb  4 2025, 15:27:58) [MSC v.1942 64 bit (AMD64)]
2025-07-22 10:19:59 | INFO     | config.logger:log_startup:90 | 🚀 Fitness CRM запущено
2025-07-22 10:19:59 | INFO     | config.logger:log_startup:91 | 📁 Робоча директорія: C:\Users\vedor\OneDrive\Рабочий стол\fitness_crm_pyside6
2025-07-22 10:19:59 | INFO     | config.logger:log_startup:92 | 🐍 Python версія: 3.12.9 (tags/v3.12.9:fdb8142, Feb  4 2025, 15:27:58) [MSC v.1942 64 bit (AMD64)]
2025-07-22 10:20:07 | INFO     | config.logger:log_startup:90 | 🚀 Fitness CRM запущено
2025-07-22 10:20:07 | INFO     | config.logger:log_startup:91 | 📁 Робоча директорія: C:\Users\vedor\OneDrive\Рабочий стол\fitness_crm_pyside6
2025-07-22 10:20:07 | INFO     | config.logger:log_startup:92 | 🐍 Python версія: 3.12.9 (tags/v3.12.9:fdb8142, Feb  4 2025, 15:27:58) [MSC v.1942 64 bit (AMD64)]
2025-07-22 10:20:50 | INFO     | config.logger:log_startup:90 | 🚀 Fitness CRM запущено
2025-07-22 10:20:50 | INFO     | config.logger:log_startup:91 | 📁 Робоча директорія: C:\Users\vedor\OneDrive\Рабочий стол\fitness_crm_pyside6
2025-07-22 10:20:50 | INFO     | config.logger:log_startup:92 | 🐍 Python версія: 3.12.9 (tags/v3.12.9:fdb8142, Feb  4 2025, 15:27:58) [MSC v.1942 64 bit (AMD64)]
2025-07-22 10:21:09 | INFO     | config.logger:log_startup:90 | 🚀 Fitness CRM запущено
2025-07-22 10:21:09 | INFO     | config.logger:log_startup:91 | 📁 Робоча директорія: C:\Users\vedor\OneDrive\Рабочий стол\fitness_crm_pyside6
2025-07-22 10:21:09 | INFO     | config.logger:log_startup:92 | 🐍 Python версія: 3.12.9 (tags/v3.12.9:fdb8142, Feb  4 2025, 15:27:58) [MSC v.1942 64 bit (AMD64)]
2025-07-22 10:21:41 | INFO     | config.logger:log_startup:90 | 🚀 Fitness CRM запущено
2025-07-22 10:21:41 | INFO     | config.logger:log_startup:91 | 📁 Робоча директорія: C:\Users\vedor\OneDrive\Рабочий стол\fitness_crm_pyside6
2025-07-22 10:21:41 | INFO     | config.logger:log_startup:92 | 🐍 Python версія: 3.12.9 (tags/v3.12.9:fdb8142, Feb  4 2025, 15:27:58) [MSC v.1942 64 bit (AMD64)]
2025-07-22 10:21:41 | INFO     | __main__:main:21 | 🚀 Запуск Fitness CRM...
2025-07-22 10:21:41 | INFO     | __main__:main:36 | 📱 Додаток: Fitness CRM v1.0.0
2025-07-22 10:21:41 | INFO     | __main__:main:37 | 👤 Автор: Denis
2025-07-22 10:21:41 | INFO     | __main__:main:47 | 🎨 Встановлено світлу тему
2025-07-22 10:21:41 | INFO     | __main__:main:51 | ✨ Застосовано кастомні стилі
2025-07-22 10:21:42 | INFO     | __main__:main:59 | 🪟 Головне вікно створено та показано
2025-07-22 10:21:42 | INFO     | __main__:main:62 | ▶️ Запуск головного циклу програми
2025-07-22 10:21:51 | INFO     | __main__:main:65 | 🏁 Програма завершена
2025-07-22 10:21:51 | INFO     | config.logger:log_shutdown:96 | 🛑 Fitness CRM завершено
2025-07-22 10:27:14 | INFO     | config.logger:log_startup:90 | 🚀 Fitness CRM запущено
2025-07-22 10:27:14 | INFO     | config.logger:log_startup:91 | 📁 Робоча директорія: C:\Users\vedor\OneDrive\Рабочий стол\fitness_crm_pyside6
2025-07-22 10:27:14 | INFO     | config.logger:log_startup:92 | 🐍 Python версія: 3.12.9 (tags/v3.12.9:fdb8142, Feb  4 2025, 15:27:58) [MSC v.1942 64 bit (AMD64)]
2025-07-22 10:28:50 | INFO     | config.logger:log_startup:90 | 🚀 Fitness CRM запущено
2025-07-22 10:28:50 | INFO     | config.logger:log_startup:91 | 📁 Робоча директорія: C:\Users\vedor\OneDrive\Рабочий стол\fitness_crm_pyside6
2025-07-22 10:28:50 | INFO     | config.logger:log_startup:92 | 🐍 Python версія: 3.12.9 (tags/v3.12.9:fdb8142, Feb  4 2025, 15:27:58) [MSC v.1942 64 bit (AMD64)]
2025-07-22 10:28:50 | INFO     | __main__:main:22 | 🚀 Запуск Fitness CRM...
2025-07-22 10:28:50 | INFO     | __main__:main:37 | 📱 Додаток: Fitness CRM v1.0.0
2025-07-22 10:28:50 | INFO     | __main__:main:38 | 👤 Автор: Denis
2025-07-22 10:28:50 | ERROR    | __main__:main:42 | ❌ Не вдалося підключитися до бази даних
2025-07-22 10:29:46 | INFO     | config.logger:log_startup:90 | 🚀 Fitness CRM запущено
2025-07-22 10:29:46 | INFO     | config.logger:log_startup:91 | 📁 Робоча директорія: C:\Users\vedor\OneDrive\Рабочий стол\fitness_crm_pyside6
2025-07-22 10:29:46 | INFO     | config.logger:log_startup:92 | 🐍 Python версія: 3.12.9 (tags/v3.12.9:fdb8142, Feb  4 2025, 15:27:58) [MSC v.1942 64 bit (AMD64)]
2025-07-22 10:29:47 | INFO     | __main__:main:22 | 🚀 Запуск Fitness CRM...
2025-07-22 10:29:47 | INFO     | __main__:main:37 | 📱 Додаток: Fitness CRM v1.0.0
2025-07-22 10:29:47 | INFO     | __main__:main:38 | 👤 Автор: Denis
2025-07-22 10:29:47 | INFO     | __main__:main:48 | 🎨 Встановлено світлу тему
2025-07-22 10:29:47 | INFO     | __main__:main:52 | ✨ Застосовано кастомні стилі
2025-07-22 10:29:49 | INFO     | __main__:main:60 | 🪟 Головне вікно створено та показано
2025-07-22 10:29:49 | INFO     | __main__:main:63 | ▶️ Запуск головного циклу програми
2025-07-22 10:30:00 | INFO     | __main__:main:66 | 🏁 Програма завершена
2025-07-22 10:30:00 | INFO     | config.logger:log_shutdown:96 | 🛑 Fitness CRM завершено
2025-07-22 10:32:11 | INFO     | config.logger:log_startup:90 | 🚀 Fitness CRM запущено
2025-07-22 10:32:11 | INFO     | config.logger:log_startup:91 | 📁 Робоча директорія: C:\Users\vedor\OneDrive\Рабочий стол\fitness_crm_pyside6
2025-07-22 10:32:11 | INFO     | config.logger:log_startup:92 | 🐍 Python версія: 3.12.9 (tags/v3.12.9:fdb8142, Feb  4 2025, 15:27:58) [MSC v.1942 64 bit (AMD64)]
2025-07-22 10:32:12 | INFO     | __main__:main:22 | 🚀 Запуск Fitness CRM...
2025-07-22 10:32:12 | INFO     | __main__:main:37 | 📱 Додаток: Fitness CRM v1.0.0
2025-07-22 10:32:12 | INFO     | __main__:main:38 | 👤 Автор: Denis
2025-07-22 10:32:12 | INFO     | __main__:main:48 | 🎨 Встановлено світлу тему
2025-07-22 10:32:12 | INFO     | __main__:main:52 | ✨ Застосовано кастомні стилі
2025-07-22 10:32:13 | INFO     | __main__:main:60 | 🪟 Головне вікно створено та показано
2025-07-22 10:32:13 | INFO     | __main__:main:63 | ▶️ Запуск головного циклу програми
2025-07-22 10:32:21 | INFO     | __main__:main:66 | 🏁 Програма завершена
2025-07-22 10:32:21 | INFO     | config.logger:log_shutdown:96 | 🛑 Fitness CRM завершено
2025-07-22 10:35:53 | INFO     | config.logger:log_startup:90 | 🚀 Fitness CRM запущено
2025-07-22 10:35:53 | INFO     | config.logger:log_startup:91 | 📁 Робоча директорія: C:\Users\vedor\OneDrive\Рабочий стол\fitness_crm_pyside6
2025-07-22 10:35:53 | INFO     | config.logger:log_startup:92 | 🐍 Python версія: 3.12.9 (tags/v3.12.9:fdb8142, Feb  4 2025, 15:27:58) [MSC v.1942 64 bit (AMD64)]
2025-07-22 10:35:54 | INFO     | __main__:main:22 | 🚀 Запуск Fitness CRM...
2025-07-22 10:35:54 | INFO     | __main__:main:37 | 📱 Додаток: Fitness CRM v1.0.0
2025-07-22 10:35:54 | INFO     | __main__:main:38 | 👤 Автор: Denis
2025-07-22 10:35:54 | INFO     | __main__:main:48 | 🎨 Встановлено світлу тему
2025-07-22 10:35:54 | INFO     | __main__:main:52 | ✨ Застосовано кастомні стилі
2025-07-22 10:35:55 | INFO     | __main__:main:60 | 🪟 Головне вікно створено та показано
2025-07-22 10:35:55 | INFO     | __main__:main:63 | ▶️ Запуск головного циклу програми
2025-07-22 10:36:32 | INFO     | __main__:main:66 | 🏁 Програма завершена
2025-07-22 10:36:32 | INFO     | config.logger:log_shutdown:96 | 🛑 Fitness CRM завершено
2025-07-22 10:36:49 | INFO     | config.logger:log_startup:90 | 🚀 Fitness CRM запущено
2025-07-22 10:36:49 | INFO     | config.logger:log_startup:91 | 📁 Робоча директорія: C:\Users\vedor\OneDrive\Рабочий стол\fitness_crm_pyside6
2025-07-22 10:36:49 | INFO     | config.logger:log_startup:92 | 🐍 Python версія: 3.12.9 (tags/v3.12.9:fdb8142, Feb  4 2025, 15:27:58) [MSC v.1942 64 bit (AMD64)]
2025-07-22 10:36:50 | INFO     | __main__:main:22 | 🚀 Запуск Fitness CRM...
2025-07-22 10:36:50 | INFO     | __main__:main:37 | 📱 Додаток: Fitness CRM v1.0.0
2025-07-22 10:36:50 | INFO     | __main__:main:38 | 👤 Автор: Denis
2025-07-22 10:36:50 | INFO     | __main__:main:48 | 🎨 Встановлено світлу тему
2025-07-22 10:36:50 | INFO     | __main__:main:52 | ✨ Застосовано кастомні стилі
2025-07-22 10:36:52 | INFO     | __main__:main:60 | 🪟 Головне вікно створено та показано
2025-07-22 10:36:52 | INFO     | __main__:main:63 | ▶️ Запуск головного циклу програми
2025-07-22 10:37:03 | INFO     | __main__:main:66 | 🏁 Програма завершена
2025-07-22 10:37:03 | INFO     | config.logger:log_shutdown:96 | 🛑 Fitness CRM завершено
2025-07-22 10:39:52 | INFO     | config.logger:log_startup:90 | 🚀 Fitness CRM запущено
2025-07-22 10:39:52 | INFO     | config.logger:log_startup:91 | 📁 Робоча директорія: C:\Users\vedor\OneDrive\Рабочий стол\fitness_crm_pyside6
2025-07-22 10:39:52 | INFO     | config.logger:log_startup:92 | 🐍 Python версія: 3.12.9 (tags/v3.12.9:fdb8142, Feb  4 2025, 15:27:58) [MSC v.1942 64 bit (AMD64)]
2025-07-22 10:39:52 | INFO     | __main__:main:22 | 🚀 Запуск Fitness CRM...
2025-07-22 10:39:52 | INFO     | __main__:main:37 | 📱 Додаток: Fitness CRM v1.0.0
2025-07-22 10:39:52 | INFO     | __main__:main:38 | 👤 Автор: Denis
2025-07-22 10:39:52 | INFO     | __main__:main:48 | 🎨 Встановлено світлу тему
2025-07-22 10:39:52 | INFO     | __main__:main:52 | ✨ Застосовано кастомні стилі
2025-07-22 10:39:54 | INFO     | __main__:main:60 | 🪟 Головне вікно створено та показано
2025-07-22 10:39:54 | INFO     | __main__:main:63 | ▶️ Запуск головного циклу програми
2025-07-22 10:40:17 | INFO     | __main__:main:66 | 🏁 Програма завершена
2025-07-22 10:40:17 | INFO     | config.logger:log_shutdown:96 | 🛑 Fitness CRM завершено
2025-07-22 10:40:39 | INFO     | config.logger:log_startup:90 | 🚀 Fitness CRM запущено
2025-07-22 10:40:39 | INFO     | config.logger:log_startup:91 | 📁 Робоча директорія: C:\Users\vedor\OneDrive\Рабочий стол\fitness_crm_pyside6
2025-07-22 10:40:39 | INFO     | config.logger:log_startup:92 | 🐍 Python версія: 3.12.9 (tags/v3.12.9:fdb8142, Feb  4 2025, 15:27:58) [MSC v.1942 64 bit (AMD64)]
2025-07-22 10:40:40 | INFO     | __main__:main:22 | 🚀 Запуск Fitness CRM...
2025-07-22 10:40:40 | INFO     | __main__:main:37 | 📱 Додаток: Fitness CRM v1.0.0
2025-07-22 10:40:40 | INFO     | __main__:main:38 | 👤 Автор: Denis
2025-07-22 10:40:40 | INFO     | __main__:main:48 | 🎨 Встановлено світлу тему
2025-07-22 10:40:40 | INFO     | __main__:main:52 | ✨ Застосовано кастомні стилі
2025-07-22 10:40:43 | INFO     | __main__:main:60 | 🪟 Головне вікно створено та показано
2025-07-22 10:40:43 | INFO     | __main__:main:63 | ▶️ Запуск головного циклу програми
2025-07-22 10:40:58 | INFO     | __main__:main:66 | 🏁 Програма завершена
2025-07-22 10:40:58 | INFO     | config.logger:log_shutdown:96 | 🛑 Fitness CRM завершено
2025-07-22 10:43:37 | INFO     | config.logger:log_startup:90 | 🚀 Fitness CRM запущено
2025-07-22 10:43:37 | INFO     | config.logger:log_startup:91 | 📁 Робоча директорія: C:\Users\vedor\OneDrive\Рабочий стол\fitness_crm_pyside6
2025-07-22 10:43:37 | INFO     | config.logger:log_startup:92 | 🐍 Python версія: 3.12.9 (tags/v3.12.9:fdb8142, Feb  4 2025, 15:27:58) [MSC v.1942 64 bit (AMD64)]
2025-07-22 10:43:38 | INFO     | __main__:main:22 | 🚀 Запуск Fitness CRM...
2025-07-22 10:43:38 | INFO     | __main__:main:37 | 📱 Додаток: Fitness CRM v1.0.0
2025-07-22 10:43:38 | INFO     | __main__:main:38 | 👤 Автор: Denis
2025-07-22 10:43:38 | INFO     | __main__:main:48 | 🎨 Встановлено світлу тему
2025-07-22 10:43:38 | INFO     | __main__:main:52 | ✨ Застосовано кастомні стилі
2025-07-22 10:43:39 | INFO     | __main__:main:60 | 🪟 Головне вікно створено та показано
2025-07-22 10:43:39 | INFO     | __main__:main:63 | ▶️ Запуск головного циклу програми
2025-07-22 10:44:02 | INFO     | __main__:main:66 | 🏁 Програма завершена
2025-07-22 10:44:02 | INFO     | config.logger:log_shutdown:96 | 🛑 Fitness CRM завершено
2025-07-22 10:48:47 | INFO     | config.logger:log_startup:95 | 🚀 Fitness CRM запущено
2025-07-22 10:48:47 | INFO     | config.logger:log_startup:96 | 📁 Робоча директорія: C:\Users\vedor\OneDrive\Рабочий стол\fitness_crm_pyside6
2025-07-22 10:48:47 | INFO     | config.logger:log_startup:97 | 🐍 Python версія: 3.12.9 (tags/v3.12.9:fdb8142, Feb  4 2025, 15:27:58) [MSC v.1942 64 bit (AMD64)]
2025-07-22 10:48:48 | INFO     | __main__:main:41 | 🚀 Запуск Fitness CRM...
2025-07-22 10:48:48 | INFO     | __main__:main:56 | 📱 Додаток: Fitness CRM v1.0.0
2025-07-22 10:48:48 | INFO     | __main__:main:57 | 👤 Автор: Denis
2025-07-22 10:48:48 | INFO     | __main__:main:67 | 🎨 Встановлено світлу тему
2025-07-22 10:48:48 | INFO     | __main__:main:71 | ✨ Застосовано кастомні стилі
2025-07-22 10:48:50 | INFO     | __main__:main:79 | 🪟 Головне вікно створено та показано
2025-07-22 10:48:50 | INFO     | __main__:main:82 | ▶️ Запуск головного циклу програми
2025-07-22 10:48:59 | INFO     | __main__:main:85 | 🏁 Програма завершена
2025-07-22 10:48:59 | INFO     | config.logger:log_shutdown:101 | 🛑 Fitness CRM завершено
2025-07-22 10:58:08 | INFO     | config.logger:log_startup:95 | 🚀 Fitness CRM запущено
2025-07-22 10:58:08 | INFO     | config.logger:log_startup:96 | 📁 Робоча директорія: C:\Users\vedor\OneDrive\Рабочий стол\fitness_crm_pyside6
2025-07-22 10:58:08 | INFO     | config.logger:log_startup:97 | 🐍 Python версія: 3.12.9 (tags/v3.12.9:fdb8142, Feb  4 2025, 15:27:58) [MSC v.1942 64 bit (AMD64)]
2025-07-22 10:58:09 | INFO     | __main__:main:41 | 🚀 Запуск Fitness CRM...
2025-07-22 10:58:09 | INFO     | __main__:main:56 | 📱 Додаток: Fitness CRM v1.0.0
2025-07-22 10:58:09 | INFO     | __main__:main:57 | 👤 Автор: Denis
2025-07-22 10:58:09 | INFO     | __main__:main:67 | 🎨 Встановлено світлу тему
2025-07-22 10:58:09 | INFO     | __main__:main:71 | ✨ Застосовано кастомні стилі
2025-07-22 10:58:10 | ERROR    | __main__:main:90 | 💥 Критична помилка: 'secondary'
2025-07-22 10:58:41 | INFO     | config.logger:log_startup:95 | 🚀 Fitness CRM запущено
2025-07-22 10:58:41 | INFO     | config.logger:log_startup:96 | 📁 Робоча директорія: C:\Users\vedor\OneDrive\Рабочий стол\fitness_crm_pyside6
2025-07-22 10:58:41 | INFO     | config.logger:log_startup:97 | 🐍 Python версія: 3.12.9 (tags/v3.12.9:fdb8142, Feb  4 2025, 15:27:58) [MSC v.1942 64 bit (AMD64)]
2025-07-22 10:58:42 | INFO     | __main__:main:41 | 🚀 Запуск Fitness CRM...
2025-07-22 10:58:42 | INFO     | __main__:main:56 | 📱 Додаток: Fitness CRM v1.0.0
2025-07-22 10:58:42 | INFO     | __main__:main:57 | 👤 Автор: Denis
2025-07-22 10:58:42 | INFO     | __main__:main:67 | 🎨 Встановлено світлу тему
2025-07-22 10:58:42 | INFO     | __main__:main:71 | ✨ Застосовано кастомні стилі
2025-07-22 10:58:44 | INFO     | __main__:main:79 | 🪟 Головне вікно створено та показано
2025-07-22 10:58:44 | INFO     | __main__:main:82 | ▶️ Запуск головного циклу програми
2025-07-22 10:59:07 | INFO     | __main__:main:85 | 🏁 Програма завершена
2025-07-22 10:59:07 | INFO     | config.logger:log_shutdown:101 | 🛑 Fitness CRM завершено
2025-07-22 11:02:59 | INFO     | config.logger:log_startup:95 | 🚀 Fitness CRM запущено
2025-07-22 11:02:59 | INFO     | config.logger:log_startup:96 | 📁 Робоча директорія: C:\Users\vedor\OneDrive\Рабочий стол\fitness_crm_pyside6
2025-07-22 11:02:59 | INFO     | config.logger:log_startup:97 | 🐍 Python версія: 3.12.9 (tags/v3.12.9:fdb8142, Feb  4 2025, 15:27:58) [MSC v.1942 64 bit (AMD64)]
2025-07-22 11:03:00 | INFO     | __main__:main:41 | 🚀 Запуск Fitness CRM...
2025-07-22 11:03:00 | INFO     | __main__:main:56 | 📱 Додаток: Fitness CRM v1.0.0
2025-07-22 11:03:00 | INFO     | __main__:main:57 | 👤 Автор: Denis
2025-07-22 11:03:00 | INFO     | __main__:main:67 | 🎨 Встановлено світлу тему
2025-07-22 11:03:00 | INFO     | __main__:main:71 | ✨ Застосовано кастомні стилі
2025-07-22 11:03:01 | INFO     | __main__:main:79 | 🪟 Головне вікно створено та показано
2025-07-22 11:03:01 | INFO     | __main__:main:82 | ▶️ Запуск головного циклу програми
2025-07-22 11:03:10 | INFO     | __main__:main:85 | 🏁 Програма завершена
2025-07-22 11:03:10 | INFO     | config.logger:log_shutdown:101 | 🛑 Fitness CRM завершено
2025-07-22 11:05:03 | INFO     | config.logger:log_startup:95 | 🚀 Fitness CRM запущено
2025-07-22 11:05:03 | INFO     | config.logger:log_startup:96 | 📁 Робоча директорія: C:\Users\vedor\OneDrive\Рабочий стол\fitness_crm_pyside6
2025-07-22 11:05:03 | INFO     | config.logger:log_startup:97 | 🐍 Python версія: 3.12.9 (tags/v3.12.9:fdb8142, Feb  4 2025, 15:27:58) [MSC v.1942 64 bit (AMD64)]
2025-07-22 11:05:04 | INFO     | __main__:main:41 | 🚀 Запуск Fitness CRM...
2025-07-22 11:05:04 | INFO     | __main__:main:56 | 📱 Додаток: Fitness CRM v1.0.0
2025-07-22 11:05:04 | INFO     | __main__:main:57 | 👤 Автор: Denis
2025-07-22 11:05:04 | INFO     | __main__:main:67 | 🎨 Встановлено світлу тему
2025-07-22 11:05:04 | INFO     | __main__:main:71 | ✨ Застосовано кастомні стилі
2025-07-22 11:05:05 | INFO     | __main__:main:79 | 🪟 Головне вікно створено та показано
2025-07-22 11:05:05 | INFO     | __main__:main:82 | ▶️ Запуск головного циклу програми
2025-07-22 11:05:35 | INFO     | __main__:main:85 | 🏁 Програма завершена
2025-07-22 11:05:35 | INFO     | config.logger:log_shutdown:101 | 🛑 Fitness CRM завершено
2025-07-22 11:08:18 | INFO     | config.logger:log_startup:95 | 🚀 Fitness CRM запущено
2025-07-22 11:08:18 | INFO     | config.logger:log_startup:96 | 📁 Робоча директорія: C:\Users\vedor\OneDrive\Рабочий стол\fitness_crm_pyside6
2025-07-22 11:08:18 | INFO     | config.logger:log_startup:97 | 🐍 Python версія: 3.12.9 (tags/v3.12.9:fdb8142, Feb  4 2025, 15:27:58) [MSC v.1942 64 bit (AMD64)]
2025-07-22 11:08:18 | INFO     | __main__:main:41 | 🚀 Запуск Fitness CRM...
2025-07-22 11:08:18 | INFO     | __main__:main:56 | 📱 Додаток: Fitness CRM v1.0.0
2025-07-22 11:08:18 | INFO     | __main__:main:57 | 👤 Автор: Denis
2025-07-22 11:08:18 | INFO     | __main__:main:67 | 🎨 Встановлено світлу тему
2025-07-22 11:08:18 | INFO     | __main__:main:71 | ✨ Застосовано кастомні стилі
2025-07-22 11:08:19 | INFO     | __main__:main:79 | 🪟 Головне вікно створено та показано
2025-07-22 11:08:19 | INFO     | __main__:main:82 | ▶️ Запуск головного циклу програми
2025-07-22 11:08:59 | INFO     | __main__:main:85 | 🏁 Програма завершена
2025-07-22 11:08:59 | INFO     | config.logger:log_shutdown:101 | 🛑 Fitness CRM завершено
2025-07-22 11:21:13 | INFO     | config.logger:log_startup:95 | 🚀 Fitness CRM запущено
2025-07-22 11:21:13 | INFO     | config.logger:log_startup:96 | 📁 Робоча директорія: C:\Users\vedor\OneDrive\Рабочий стол\fitness_crm_pyside6
2025-07-22 11:21:13 | INFO     | config.logger:log_startup:97 | 🐍 Python версія: 3.12.9 (tags/v3.12.9:fdb8142, Feb  4 2025, 15:27:58) [MSC v.1942 64 bit (AMD64)]
2025-07-22 11:21:14 | INFO     | __main__:main:41 | 🚀 Запуск Fitness CRM...
2025-07-22 11:21:14 | INFO     | __main__:main:56 | 📱 Додаток: Fitness CRM v1.0.0
2025-07-22 11:21:14 | INFO     | __main__:main:57 | 👤 Автор: Denis
2025-07-22 11:21:14 | INFO     | __main__:main:67 | 🎨 Встановлено світлу тему
2025-07-22 11:21:14 | INFO     | __main__:main:71 | ✨ Застосовано кастомні стилі
2025-07-22 11:21:15 | INFO     | __main__:main:79 | 🪟 Головне вікно створено та показано
2025-07-22 11:21:15 | INFO     | __main__:main:82 | ▶️ Запуск головного циклу програми
2025-07-22 11:21:55 | INFO     | __main__:main:85 | 🏁 Програма завершена
2025-07-22 11:21:55 | INFO     | config.logger:log_shutdown:101 | 🛑 Fitness CRM завершено
2025-07-22 11:22:01 | INFO     | config.logger:log_startup:95 | 🚀 Fitness CRM запущено
2025-07-22 11:22:01 | INFO     | config.logger:log_startup:96 | 📁 Робоча директорія: C:\Users\vedor\OneDrive\Рабочий стол\fitness_crm_pyside6
2025-07-22 11:22:01 | INFO     | config.logger:log_startup:97 | 🐍 Python версія: 3.12.9 (tags/v3.12.9:fdb8142, Feb  4 2025, 15:27:58) [MSC v.1942 64 bit (AMD64)]
2025-07-22 11:22:01 | INFO     | __main__:main:41 | 🚀 Запуск Fitness CRM...
2025-07-22 11:22:01 | INFO     | __main__:main:56 | 📱 Додаток: Fitness CRM v1.0.0
2025-07-22 11:22:01 | INFO     | __main__:main:57 | 👤 Автор: Denis
2025-07-22 11:22:01 | INFO     | __main__:main:67 | 🎨 Встановлено світлу тему
2025-07-22 11:22:01 | INFO     | __main__:main:71 | ✨ Застосовано кастомні стилі
2025-07-22 11:22:02 | INFO     | __main__:main:79 | 🪟 Головне вікно створено та показано
2025-07-22 11:22:02 | INFO     | __main__:main:82 | ▶️ Запуск головного циклу програми
2025-07-22 11:23:11 | INFO     | config.logger:log_startup:95 | 🚀 Fitness CRM запущено
2025-07-22 11:23:11 | INFO     | config.logger:log_startup:96 | 📁 Робоча директорія: C:\Users\vedor\OneDrive\Рабочий стол\fitness_crm_pyside6
2025-07-22 11:23:11 | INFO     | config.logger:log_startup:97 | 🐍 Python версія: 3.12.9 (tags/v3.12.9:fdb8142, Feb  4 2025, 15:27:58) [MSC v.1942 64 bit (AMD64)]
2025-07-22 11:23:12 | INFO     | __main__:main:41 | 🚀 Запуск Fitness CRM...
2025-07-22 11:23:12 | INFO     | __main__:main:56 | 📱 Додаток: Fitness CRM v1.0.0
2025-07-22 11:23:12 | INFO     | __main__:main:57 | 👤 Автор: Denis
2025-07-22 11:23:12 | INFO     | __main__:main:67 | 🎨 Встановлено світлу тему
2025-07-22 11:23:12 | INFO     | __main__:main:71 | ✨ Застосовано кастомні стилі
2025-07-22 11:23:13 | INFO     | __main__:main:79 | 🪟 Головне вікно створено та показано
2025-07-22 11:23:13 | INFO     | __main__:main:82 | ▶️ Запуск головного циклу програми
2025-07-22 11:23:23 | INFO     | __main__:main:85 | 🏁 Програма завершена
2025-07-22 11:23:23 | INFO     | config.logger:log_shutdown:101 | 🛑 Fitness CRM завершено
2025-07-22 11:29:52 | INFO     | config.logger:log_startup:95 | 🚀 Fitness CRM запущено
2025-07-22 11:29:52 | INFO     | config.logger:log_startup:96 | 📁 Робоча директорія: C:\Users\vedor\OneDrive\Рабочий стол\fitness_crm_pyside6
2025-07-22 11:29:52 | INFO     | config.logger:log_startup:97 | 🐍 Python версія: 3.12.9 (tags/v3.12.9:fdb8142, Feb  4 2025, 15:27:58) [MSC v.1942 64 bit (AMD64)]
2025-07-22 11:29:53 | INFO     | __main__:main:41 | 🚀 Запуск Fitness CRM...
2025-07-22 11:29:53 | INFO     | __main__:main:56 | 📱 Додаток: Fitness CRM v1.0.0
2025-07-22 11:29:53 | INFO     | __main__:main:57 | 👤 Автор: Denis
2025-07-22 11:29:53 | INFO     | __main__:main:67 | 🎨 Встановлено світлу тему
2025-07-22 11:29:53 | INFO     | __main__:main:71 | ✨ Застосовано кастомні стилі
2025-07-22 11:29:54 | INFO     | __main__:main:79 | 🪟 Головне вікно створено та показано
2025-07-22 11:29:54 | INFO     | __main__:main:82 | ▶️ Запуск головного циклу програми
2025-07-22 11:30:11 | INFO     | __main__:main:85 | 🏁 Програма завершена
2025-07-22 11:30:11 | INFO     | config.logger:log_shutdown:101 | 🛑 Fitness CRM завершено
2025-07-22 11:30:54 | INFO     | config.logger:log_startup:95 | 🚀 Fitness CRM запущено
2025-07-22 11:30:54 | INFO     | config.logger:log_startup:96 | 📁 Робоча директорія: C:\Users\vedor\OneDrive\Рабочий стол\fitness_crm_pyside6
2025-07-22 11:30:54 | INFO     | config.logger:log_startup:97 | 🐍 Python версія: 3.12.9 (tags/v3.12.9:fdb8142, Feb  4 2025, 15:27:58) [MSC v.1942 64 bit (AMD64)]
2025-07-22 11:30:54 | INFO     | __main__:main:41 | 🚀 Запуск Fitness CRM...
2025-07-22 11:30:54 | INFO     | __main__:main:56 | 📱 Додаток: Fitness CRM v1.0.0
2025-07-22 11:30:54 | INFO     | __main__:main:57 | 👤 Автор: Denis
2025-07-22 11:30:54 | INFO     | __main__:main:67 | 🎨 Встановлено світлу тему
2025-07-22 11:30:54 | INFO     | __main__:main:71 | ✨ Застосовано кастомні стилі
2025-07-22 11:30:55 | INFO     | __main__:main:79 | 🪟 Головне вікно створено та показано
2025-07-22 11:30:55 | INFO     | __main__:main:82 | ▶️ Запуск головного циклу програми
2025-07-22 11:31:10 | INFO     | __main__:main:85 | 🏁 Програма завершена
2025-07-22 11:31:10 | INFO     | config.logger:log_shutdown:101 | 🛑 Fitness CRM завершено
2025-07-22 11:35:45 | INFO     | config.logger:log_startup:95 | 🚀 Fitness CRM запущено
2025-07-22 11:35:45 | INFO     | config.logger:log_startup:96 | 📁 Робоча директорія: C:\Users\vedor\OneDrive\Рабочий стол\fitness_crm_pyside6
2025-07-22 11:35:45 | INFO     | config.logger:log_startup:97 | 🐍 Python версія: 3.12.9 (tags/v3.12.9:fdb8142, Feb  4 2025, 15:27:58) [MSC v.1942 64 bit (AMD64)]
2025-07-22 11:35:45 | INFO     | __main__:main:41 | 🚀 Запуск Fitness CRM...
2025-07-22 11:35:45 | INFO     | __main__:main:56 | 📱 Додаток: Fitness CRM v1.0.0
2025-07-22 11:35:45 | INFO     | __main__:main:57 | 👤 Автор: Denis
2025-07-22 11:35:45 | INFO     | __main__:main:67 | 🎨 Встановлено світлу тему
2025-07-22 11:35:45 | INFO     | __main__:main:71 | ✨ Застосовано кастомні стилі
2025-07-22 11:35:46 | INFO     | __main__:main:79 | 🪟 Головне вікно створено та показано
2025-07-22 11:35:46 | INFO     | __main__:main:82 | ▶️ Запуск головного циклу програми
2025-07-22 11:36:00 | INFO     | __main__:main:85 | 🏁 Програма завершена
2025-07-22 11:36:00 | INFO     | config.logger:log_shutdown:101 | 🛑 Fitness CRM завершено
2025-07-22 11:37:59 | INFO     | config.logger:log_startup:95 | 🚀 Fitness CRM запущено
2025-07-22 11:37:59 | INFO     | config.logger:log_startup:96 | 📁 Робоча директорія: C:\Users\vedor\OneDrive\Рабочий стол\fitness_crm_pyside6
2025-07-22 11:37:59 | INFO     | config.logger:log_startup:97 | 🐍 Python версія: 3.12.9 (tags/v3.12.9:fdb8142, Feb  4 2025, 15:27:58) [MSC v.1942 64 bit (AMD64)]
2025-07-22 11:38:00 | INFO     | __main__:main:41 | 🚀 Запуск Fitness CRM...
2025-07-22 11:38:00 | INFO     | __main__:main:56 | 📱 Додаток: Fitness CRM v1.0.0
2025-07-22 11:38:00 | INFO     | __main__:main:57 | 👤 Автор: Denis
2025-07-22 11:38:00 | INFO     | __main__:main:67 | 🎨 Встановлено світлу тему
2025-07-22 11:38:00 | INFO     | __main__:main:71 | ✨ Застосовано кастомні стилі
2025-07-22 11:38:01 | INFO     | __main__:main:79 | 🪟 Головне вікно створено та показано
2025-07-22 11:38:01 | INFO     | __main__:main:82 | ▶️ Запуск головного циклу програми
2025-07-22 11:38:08 | INFO     | __main__:main:85 | 🏁 Програма завершена
2025-07-22 11:38:08 | INFO     | config.logger:log_shutdown:101 | 🛑 Fitness CRM завершено
2025-07-22 11:38:44 | INFO     | config.logger:log_startup:95 | 🚀 Fitness CRM запущено
2025-07-22 11:38:44 | INFO     | config.logger:log_startup:96 | 📁 Робоча директорія: C:\Users\vedor\OneDrive\Рабочий стол\fitness_crm_pyside6
2025-07-22 11:38:44 | INFO     | config.logger:log_startup:97 | 🐍 Python версія: 3.12.9 (tags/v3.12.9:fdb8142, Feb  4 2025, 15:27:58) [MSC v.1942 64 bit (AMD64)]
2025-07-22 11:38:45 | INFO     | __main__:main:41 | 🚀 Запуск Fitness CRM...
2025-07-22 11:38:45 | INFO     | __main__:main:56 | 📱 Додаток: Fitness CRM v1.0.0
2025-07-22 11:38:45 | INFO     | __main__:main:57 | 👤 Автор: Denis
2025-07-22 11:38:45 | INFO     | __main__:main:67 | 🎨 Встановлено світлу тему
2025-07-22 11:38:45 | INFO     | __main__:main:71 | ✨ Застосовано кастомні стилі
2025-07-22 11:38:46 | INFO     | __main__:main:79 | 🪟 Головне вікно створено та показано
2025-07-22 11:38:46 | INFO     | __main__:main:82 | ▶️ Запуск головного циклу програми
2025-07-22 11:38:59 | INFO     | __main__:main:85 | 🏁 Програма завершена
2025-07-22 11:38:59 | INFO     | config.logger:log_shutdown:101 | 🛑 Fitness CRM завершено
2025-07-22 11:40:44 | INFO     | config.logger:log_startup:95 | 🚀 Fitness CRM запущено
2025-07-22 11:40:44 | INFO     | config.logger:log_startup:96 | 📁 Робоча директорія: C:\Users\vedor\OneDrive\Рабочий стол\fitness_crm_pyside6
2025-07-22 11:40:44 | INFO     | config.logger:log_startup:97 | 🐍 Python версія: 3.12.9 (tags/v3.12.9:fdb8142, Feb  4 2025, 15:27:58) [MSC v.1942 64 bit (AMD64)]
2025-07-22 11:40:45 | INFO     | __main__:main:41 | 🚀 Запуск Fitness CRM...
2025-07-22 11:40:45 | INFO     | __main__:main:56 | 📱 Додаток: Fitness CRM v1.0.0
2025-07-22 11:40:45 | INFO     | __main__:main:57 | 👤 Автор: Denis
2025-07-22 11:40:45 | INFO     | __main__:main:67 | 🎨 Встановлено світлу тему
2025-07-22 11:40:45 | INFO     | __main__:main:71 | ✨ Застосовано кастомні стилі
2025-07-22 11:40:46 | INFO     | __main__:main:79 | 🪟 Головне вікно створено та показано
2025-07-22 11:40:46 | INFO     | __main__:main:82 | ▶️ Запуск головного циклу програми
2025-07-22 11:41:42 | INFO     | __main__:main:85 | 🏁 Програма завершена
2025-07-22 11:41:42 | INFO     | config.logger:log_shutdown:101 | 🛑 Fitness CRM завершено
2025-07-22 11:44:14 | INFO     | config.logger:log_startup:95 | 🚀 Fitness CRM запущено
2025-07-22 11:44:14 | INFO     | config.logger:log_startup:96 | 📁 Робоча директорія: C:\Users\vedor\OneDrive\Рабочий стол\fitness_crm_pyside6
2025-07-22 11:44:14 | INFO     | config.logger:log_startup:97 | 🐍 Python версія: 3.12.9 (tags/v3.12.9:fdb8142, Feb  4 2025, 15:27:58) [MSC v.1942 64 bit (AMD64)]
2025-07-22 11:44:14 | INFO     | __main__:main:41 | 🚀 Запуск Fitness CRM...
2025-07-22 11:44:14 | INFO     | __main__:main:56 | 📱 Додаток: Fitness CRM v1.0.0
2025-07-22 11:44:14 | INFO     | __main__:main:57 | 👤 Автор: Denis
2025-07-22 11:44:14 | INFO     | __main__:main:67 | 🎨 Встановлено світлу тему
2025-07-22 11:44:14 | INFO     | __main__:main:71 | ✨ Застосовано кастомні стилі
2025-07-22 11:44:15 | INFO     | __main__:main:79 | 🪟 Головне вікно створено та показано
2025-07-22 11:44:15 | INFO     | __main__:main:82 | ▶️ Запуск головного циклу програми
2025-07-22 11:44:33 | INFO     | __main__:main:85 | 🏁 Програма завершена
2025-07-22 11:44:33 | INFO     | config.logger:log_shutdown:101 | 🛑 Fitness CRM завершено
2025-07-22 11:45:18 | INFO     | config.logger:log_startup:95 | 🚀 Fitness CRM запущено
2025-07-22 11:45:18 | INFO     | config.logger:log_startup:96 | 📁 Робоча директорія: C:\Users\vedor\OneDrive\Рабочий стол\fitness_crm_pyside6
2025-07-22 11:45:18 | INFO     | config.logger:log_startup:97 | 🐍 Python версія: 3.12.9 (tags/v3.12.9:fdb8142, Feb  4 2025, 15:27:58) [MSC v.1942 64 bit (AMD64)]
2025-07-22 11:45:18 | INFO     | __main__:main:41 | 🚀 Запуск Fitness CRM...
2025-07-22 11:45:18 | INFO     | __main__:main:56 | 📱 Додаток: Fitness CRM v1.0.0
2025-07-22 11:45:18 | INFO     | __main__:main:57 | 👤 Автор: Denis
2025-07-22 11:45:18 | INFO     | __main__:main:67 | 🎨 Встановлено світлу тему
2025-07-22 11:45:18 | INFO     | __main__:main:71 | ✨ Застосовано кастомні стилі
2025-07-22 11:45:19 | INFO     | __main__:main:79 | 🪟 Головне вікно створено та показано
2025-07-22 11:45:19 | INFO     | __main__:main:82 | ▶️ Запуск головного циклу програми
2025-07-22 11:45:33 | INFO     | ui.dialogs.edit_client.main_dialog:_save_client_to_file:418 | 💾 Клієнта 'ястрес' збережено: ястрес_dbffc45d.json
2025-07-22 11:45:40 | INFO     | ui.dialogs.edit_client.main_dialog:_save_client_to_file:418 | 💾 Клієнта 'ів ві' збережено: ів_ві_bad4158a.json
2025-07-22 11:45:46 | INFO     | __main__:main:85 | 🏁 Програма завершена
2025-07-22 11:45:46 | INFO     | config.logger:log_shutdown:101 | 🛑 Fitness CRM завершено
2025-07-22 11:48:36 | INFO     | config.logger:log_startup:95 | 🚀 Fitness CRM запущено
2025-07-22 11:48:36 | INFO     | config.logger:log_startup:96 | 📁 Робоча директорія: C:\Users\vedor\OneDrive\Рабочий стол\fitness_crm_pyside6
2025-07-22 11:48:36 | INFO     | config.logger:log_startup:97 | 🐍 Python версія: 3.12.9 (tags/v3.12.9:fdb8142, Feb  4 2025, 15:27:58) [MSC v.1942 64 bit (AMD64)]
2025-07-22 11:48:36 | INFO     | __main__:main:41 | 🚀 Запуск Fitness CRM...
2025-07-22 11:48:36 | INFO     | __main__:main:56 | 📱 Додаток: Fitness CRM v1.0.0
2025-07-22 11:48:36 | INFO     | __main__:main:57 | 👤 Автор: Denis
2025-07-22 11:48:36 | INFO     | __main__:main:67 | 🎨 Встановлено світлу тему
2025-07-22 11:48:36 | INFO     | __main__:main:71 | ✨ Застосовано кастомні стилі
2025-07-22 11:48:38 | INFO     | __main__:main:79 | 🪟 Головне вікно створено та показано
2025-07-22 11:48:38 | INFO     | __main__:main:82 | ▶️ Запуск головного циклу програми
2025-07-22 11:48:43 | INFO     | ui.dialogs.edit_client.main_dialog:_save_client_to_file:418 | 💾 Клієнта 'іваіва' збережено: іваіва_f23227b7.json
2025-07-22 11:48:54 | INFO     | __main__:main:85 | 🏁 Програма завершена
2025-07-22 11:48:54 | INFO     | config.logger:log_shutdown:101 | 🛑 Fitness CRM завершено
2025-07-22 11:57:03 | INFO     | config.logger:log_startup:95 | 🚀 Fitness CRM запущено
2025-07-22 11:57:03 | INFO     | config.logger:log_startup:96 | 📁 Робоча директорія: C:\Users\vedor\OneDrive\Рабочий стол\fitness_crm_pyside6
2025-07-22 11:57:03 | INFO     | config.logger:log_startup:97 | 🐍 Python версія: 3.12.9 (tags/v3.12.9:fdb8142, Feb  4 2025, 15:27:58) [MSC v.1942 64 bit (AMD64)]
2025-07-22 11:57:04 | INFO     | __main__:main:41 | 🚀 Запуск Fitness CRM...
2025-07-22 11:57:04 | INFO     | __main__:main:56 | 📱 Додаток: Fitness CRM v1.0.0
2025-07-22 11:57:04 | INFO     | __main__:main:57 | 👤 Автор: Denis
2025-07-22 11:57:04 | INFO     | __main__:main:67 | 🎨 Встановлено світлу тему
2025-07-22 11:57:04 | INFO     | __main__:main:71 | ✨ Застосовано кастомні стилі
2025-07-22 11:57:05 | INFO     | __main__:main:79 | 🪟 Головне вікно створено та показано
2025-07-22 11:57:05 | INFO     | __main__:main:82 | ▶️ Запуск головного циклу програми
2025-07-22 11:57:33 | INFO     | ui.dialogs.edit_client.main_dialog:_save_client_to_file:435 | 💾 Клієнта 'іваіва' збережено: іваіва_f23227b7.json
2025-07-22 11:57:43 | INFO     | ui.dialogs.edit_client.main_dialog:_save_client_to_file:435 | 💾 Клієнта 'іваіва' збережено: іваіва_f23227b7.json
2025-07-22 11:57:55 | INFO     | __main__:main:85 | 🏁 Програма завершена
2025-07-22 11:57:55 | INFO     | config.logger:log_shutdown:101 | 🛑 Fitness CRM завершено
2025-07-22 12:02:59 | INFO     | config.logger:log_startup:95 | 🚀 Fitness CRM запущено
2025-07-22 12:02:59 | INFO     | config.logger:log_startup:96 | 📁 Робоча директорія: C:\Users\vedor\OneDrive\Рабочий стол\fitness_crm_pyside6
2025-07-22 12:02:59 | INFO     | config.logger:log_startup:97 | 🐍 Python версія: 3.12.9 (tags/v3.12.9:fdb8142, Feb  4 2025, 15:27:58) [MSC v.1942 64 bit (AMD64)]
2025-07-22 12:03:00 | INFO     | __main__:main:41 | 🚀 Запуск Fitness CRM...
2025-07-22 12:03:00 | INFO     | __main__:main:56 | 📱 Додаток: Fitness CRM v1.0.0
2025-07-22 12:03:00 | INFO     | __main__:main:57 | 👤 Автор: Denis
2025-07-22 12:03:00 | INFO     | __main__:main:67 | 🎨 Встановлено світлу тему
2025-07-22 12:03:00 | INFO     | __main__:main:71 | ✨ Застосовано кастомні стилі
2025-07-22 12:03:01 | INFO     | __main__:main:79 | 🪟 Головне вікно створено та показано
2025-07-22 12:03:01 | INFO     | __main__:main:82 | ▶️ Запуск головного циклу програми
2025-07-22 12:03:33 | INFO     | __main__:main:85 | 🏁 Програма завершена
2025-07-22 12:03:33 | INFO     | config.logger:log_shutdown:101 | 🛑 Fitness CRM завершено
2025-07-22 12:04:56 | INFO     | config.logger:log_startup:95 | 🚀 Fitness CRM запущено
2025-07-22 12:04:56 | INFO     | config.logger:log_startup:96 | 📁 Робоча директорія: C:\Users\vedor\OneDrive\Рабочий стол\fitness_crm_pyside6
2025-07-22 12:04:56 | INFO     | config.logger:log_startup:97 | 🐍 Python версія: 3.12.9 (tags/v3.12.9:fdb8142, Feb  4 2025, 15:27:58) [MSC v.1942 64 bit (AMD64)]
2025-07-22 12:04:56 | INFO     | __main__:main:41 | 🚀 Запуск Fitness CRM...
2025-07-22 12:04:56 | INFO     | __main__:main:56 | 📱 Додаток: Fitness CRM v1.0.0
2025-07-22 12:04:56 | INFO     | __main__:main:57 | 👤 Автор: Denis
2025-07-22 12:04:56 | INFO     | __main__:main:67 | 🎨 Встановлено світлу тему
2025-07-22 12:04:56 | INFO     | __main__:main:71 | ✨ Застосовано кастомні стилі
2025-07-22 12:04:57 | INFO     | __main__:main:79 | 🪟 Головне вікно створено та показано
2025-07-22 12:04:57 | INFO     | __main__:main:82 | ▶️ Запуск головного циклу програми
2025-07-22 12:06:40 | INFO     | __main__:main:85 | 🏁 Програма завершена
2025-07-22 12:06:40 | INFO     | config.logger:log_shutdown:101 | 🛑 Fitness CRM завершено
2025-07-22 14:19:01 | INFO     | config.logger:log_startup:95 | 🚀 Fitness CRM запущено
2025-07-22 14:19:01 | INFO     | config.logger:log_startup:96 | 📁 Робоча директорія: C:\Users\vedor\OneDrive\Рабочий стол\fitness_crm_pyside6
2025-07-22 14:19:01 | INFO     | config.logger:log_startup:97 | 🐍 Python версія: 3.12.9 (tags/v3.12.9:fdb8142, Feb  4 2025, 15:27:58) [MSC v.1942 64 bit (AMD64)]
2025-07-22 14:19:02 | INFO     | __main__:main:41 | 🚀 Запуск Fitness CRM...
2025-07-22 14:19:02 | INFO     | __main__:main:56 | 📱 Додаток: Fitness CRM v1.0.0
2025-07-22 14:19:02 | INFO     | __main__:main:57 | 👤 Автор: Denis
2025-07-22 14:19:02 | INFO     | __main__:main:67 | 🎨 Встановлено світлу тему
2025-07-22 14:19:02 | INFO     | __main__:main:71 | ✨ Застосовано кастомні стилі
2025-07-22 14:19:03 | INFO     | __main__:main:79 | 🪟 Головне вікно створено та показано
2025-07-22 14:19:03 | INFO     | __main__:main:82 | ▶️ Запуск головного циклу програми
2025-07-22 14:19:15 | INFO     | __main__:main:85 | 🏁 Програма завершена
2025-07-22 14:19:15 | INFO     | config.logger:log_shutdown:101 | 🛑 Fitness CRM завершено
2025-07-22 14:21:47 | INFO     | config.logger:log_startup:95 | 🚀 Fitness CRM запущено
2025-07-22 14:21:47 | INFO     | config.logger:log_startup:96 | 📁 Робоча директорія: C:\Users\vedor\OneDrive\Рабочий стол\fitness_crm_pyside6
2025-07-22 14:21:47 | INFO     | config.logger:log_startup:97 | 🐍 Python версія: 3.12.9 (tags/v3.12.9:fdb8142, Feb  4 2025, 15:27:58) [MSC v.1942 64 bit (AMD64)]
2025-07-22 14:21:48 | INFO     | __main__:main:41 | 🚀 Запуск Fitness CRM...
2025-07-22 14:21:48 | INFO     | __main__:main:56 | 📱 Додаток: Fitness CRM v1.0.0
2025-07-22 14:21:48 | INFO     | __main__:main:57 | 👤 Автор: Denis
2025-07-22 14:21:48 | INFO     | __main__:main:67 | 🎨 Встановлено світлу тему
2025-07-22 14:21:48 | INFO     | __main__:main:71 | ✨ Застосовано кастомні стилі
2025-07-22 14:21:49 | INFO     | __main__:main:79 | 🪟 Головне вікно створено та показано
2025-07-22 14:21:49 | INFO     | __main__:main:82 | ▶️ Запуск головного циклу програми
2025-07-22 14:22:02 | INFO     | __main__:main:85 | 🏁 Програма завершена
2025-07-22 14:22:02 | INFO     | config.logger:log_shutdown:101 | 🛑 Fitness CRM завершено
2025-07-22 14:27:22 | INFO     | config.logger:log_startup:95 | 🚀 Fitness CRM запущено
2025-07-22 14:27:22 | INFO     | config.logger:log_startup:96 | 📁 Робоча директорія: C:\Users\vedor\OneDrive\Рабочий стол\fitness_crm_pyside6
2025-07-22 14:27:22 | INFO     | config.logger:log_startup:97 | 🐍 Python версія: 3.12.9 (tags/v3.12.9:fdb8142, Feb  4 2025, 15:27:58) [MSC v.1942 64 bit (AMD64)]
2025-07-22 14:27:23 | INFO     | __main__:main:41 | 🚀 Запуск Fitness CRM...
2025-07-22 14:27:23 | INFO     | __main__:main:56 | 📱 Додаток: Fitness CRM v1.0.0
2025-07-22 14:27:23 | INFO     | __main__:main:57 | 👤 Автор: Denis
2025-07-22 14:27:23 | INFO     | __main__:main:67 | 🎨 Встановлено світлу тему
2025-07-22 14:27:23 | INFO     | __main__:main:71 | ✨ Застосовано кастомні стилі
2025-07-22 14:27:23 | INFO     | __main__:main:79 | 🪟 Головне вікно створено та показано
2025-07-22 14:27:23 | INFO     | __main__:main:82 | ▶️ Запуск головного циклу програми
2025-07-22 14:30:58 | INFO     | ui.dialogs.edit_client.main_dialog:_save_client_to_file:435 | 💾 Клієнта 'Дениска' збережено: Дениска_df944207.json
2025-07-22 14:31:39 | INFO     | ui.dialogs.edit_client.main_dialog:_save_client_to_file:435 | 💾 Клієнта 'Дениска' збережено: Дениска_df944207.json
2025-07-22 14:31:44 | INFO     | ui.dialogs.edit_client.main_dialog:_save_client_to_file:435 | 💾 Клієнта 'Дени' збережено: Дени_df944207.json
2025-07-22 14:43:51 | INFO     | config.logger:log_startup:95 | 🚀 Fitness CRM запущено
2025-07-22 14:43:51 | INFO     | config.logger:log_startup:96 | 📁 Робоча директорія: C:\Users\vedor\OneDrive\Рабочий стол\fitness_crm_pyside6
2025-07-22 14:43:51 | INFO     | config.logger:log_startup:97 | 🐍 Python версія: 3.12.9 (tags/v3.12.9:fdb8142, Feb  4 2025, 15:27:58) [MSC v.1942 64 bit (AMD64)]
2025-07-22 14:43:52 | INFO     | __main__:main:41 | 🚀 Запуск Fitness CRM...
2025-07-22 14:43:52 | INFO     | __main__:main:56 | 📱 Додаток: Fitness CRM v1.0.0
2025-07-22 14:43:52 | INFO     | __main__:main:57 | 👤 Автор: Denis
2025-07-22 14:43:52 | INFO     | __main__:main:67 | 🎨 Встановлено світлу тему
2025-07-22 14:43:52 | INFO     | __main__:main:71 | ✨ Застосовано кастомні стилі
2025-07-22 14:43:53 | INFO     | __main__:main:79 | 🪟 Головне вікно створено та показано
2025-07-22 14:43:53 | INFO     | __main__:main:82 | ▶️ Запуск головного циклу програми
2025-07-22 14:43:58 | INFO     | __main__:main:85 | 🏁 Програма завершена
2025-07-22 14:43:58 | INFO     | config.logger:log_shutdown:101 | 🛑 Fitness CRM завершено
2025-07-22 14:46:42 | INFO     | config.logger:log_startup:95 | 🚀 Fitness CRM запущено
2025-07-22 14:46:42 | INFO     | config.logger:log_startup:96 | 📁 Робоча директорія: C:\Users\vedor\OneDrive\Рабочий стол\fitness_crm_pyside6
2025-07-22 14:46:42 | INFO     | config.logger:log_startup:97 | 🐍 Python версія: 3.12.9 (tags/v3.12.9:fdb8142, Feb  4 2025, 15:27:58) [MSC v.1942 64 bit (AMD64)]
2025-07-22 14:46:43 | INFO     | __main__:main:41 | 🚀 Запуск Fitness CRM...
2025-07-22 14:46:43 | INFO     | __main__:main:56 | 📱 Додаток: Fitness CRM v1.0.0
2025-07-22 14:46:43 | INFO     | __main__:main:57 | 👤 Автор: Denis
2025-07-22 14:46:43 | INFO     | __main__:main:67 | 🎨 Встановлено світлу тему
2025-07-22 14:46:43 | INFO     | __main__:main:71 | ✨ Застосовано кастомні стилі
2025-07-22 14:46:44 | INFO     | __main__:main:79 | 🪟 Головне вікно створено та показано
2025-07-22 14:46:44 | INFO     | __main__:main:82 | ▶️ Запуск головного циклу програми
2025-07-22 14:46:48 | INFO     | __main__:main:85 | 🏁 Програма завершена
2025-07-22 14:46:48 | INFO     | config.logger:log_shutdown:101 | 🛑 Fitness CRM завершено
2025-07-22 14:56:04 | INFO     | config.logger:log_startup:95 | 🚀 Fitness CRM запущено
2025-07-22 14:56:04 | INFO     | config.logger:log_startup:96 | 📁 Робоча директорія: C:\Users\vedor\OneDrive\Рабочий стол\fitness_crm_pyside6
2025-07-22 14:56:04 | INFO     | config.logger:log_startup:97 | 🐍 Python версія: 3.12.9 (tags/v3.12.9:fdb8142, Feb  4 2025, 15:27:58) [MSC v.1942 64 bit (AMD64)]
2025-07-22 14:56:04 | INFO     | __main__:main:41 | 🚀 Запуск Fitness CRM...
2025-07-22 14:56:04 | INFO     | __main__:main:56 | 📱 Додаток: Fitness CRM v1.0.0
2025-07-22 14:56:04 | INFO     | __main__:main:57 | 👤 Автор: Denis
2025-07-22 14:56:04 | INFO     | __main__:main:67 | 🎨 Встановлено світлу тему
2025-07-22 14:56:04 | INFO     | __main__:main:71 | ✨ Застосовано кастомні стилі
2025-07-22 14:56:05 | ERROR    | __main__:main:90 | 💥 Критична помилка: 'ClientsPage' object has no attribute '_create_grid_layout'
2025-07-22 14:56:38 | INFO     | config.logger:log_startup:95 | 🚀 Fitness CRM запущено
2025-07-22 14:56:38 | INFO     | config.logger:log_startup:96 | 📁 Робоча директорія: C:\Users\vedor\OneDrive\Рабочий стол\fitness_crm_pyside6
2025-07-22 14:56:38 | INFO     | config.logger:log_startup:97 | 🐍 Python версія: 3.12.9 (tags/v3.12.9:fdb8142, Feb  4 2025, 15:27:58) [MSC v.1942 64 bit (AMD64)]
2025-07-22 14:56:39 | INFO     | __main__:main:41 | 🚀 Запуск Fitness CRM...
2025-07-22 14:56:39 | INFO     | __main__:main:56 | 📱 Додаток: Fitness CRM v1.0.0
2025-07-22 14:56:39 | INFO     | __main__:main:57 | 👤 Автор: Denis
2025-07-22 14:56:39 | INFO     | __main__:main:67 | 🎨 Встановлено світлу тему
2025-07-22 14:56:39 | INFO     | __main__:main:71 | ✨ Застосовано кастомні стилі
2025-07-22 14:56:39 | ERROR    | __main__:main:90 | 💥 Критична помилка: 'ClientsPage' object has no attribute '_create_grid_layout'
2025-07-22 14:58:04 | INFO     | config.logger:log_startup:95 | 🚀 Fitness CRM запущено
2025-07-22 14:58:04 | INFO     | config.logger:log_startup:96 | 📁 Робоча директорія: C:\Users\vedor\OneDrive\Рабочий стол\fitness_crm_pyside6
2025-07-22 14:58:04 | INFO     | config.logger:log_startup:97 | 🐍 Python версія: 3.12.9 (tags/v3.12.9:fdb8142, Feb  4 2025, 15:27:58) [MSC v.1942 64 bit (AMD64)]
2025-07-22 14:58:05 | INFO     | __main__:main:41 | 🚀 Запуск Fitness CRM...
2025-07-22 14:58:05 | INFO     | __main__:main:56 | 📱 Додаток: Fitness CRM v1.0.0
2025-07-22 14:58:05 | INFO     | __main__:main:57 | 👤 Автор: Denis
2025-07-22 14:58:05 | INFO     | __main__:main:67 | 🎨 Встановлено світлу тему
2025-07-22 14:58:05 | INFO     | __main__:main:71 | ✨ Застосовано кастомні стилі
2025-07-22 14:58:06 | INFO     | __main__:main:79 | 🪟 Головне вікно створено та показано
2025-07-22 14:58:06 | INFO     | __main__:main:82 | ▶️ Запуск головного циклу програми
2025-07-22 15:04:23 | INFO     | __main__:main:85 | 🏁 Програма завершена
2025-07-22 15:04:23 | INFO     | config.logger:log_shutdown:101 | 🛑 Fitness CRM завершено
2025-07-22 15:05:21 | INFO     | config.logger:log_startup:95 | 🚀 Fitness CRM запущено
2025-07-22 15:05:21 | INFO     | config.logger:log_startup:96 | 📁 Робоча директорія: C:\Users\vedor\OneDrive\Рабочий стол\fitness_crm_pyside6
2025-07-22 15:05:21 | INFO     | config.logger:log_startup:97 | 🐍 Python версія: 3.12.9 (tags/v3.12.9:fdb8142, Feb  4 2025, 15:27:58) [MSC v.1942 64 bit (AMD64)]
2025-07-22 15:05:22 | INFO     | __main__:main:41 | 🚀 Запуск Fitness CRM...
2025-07-22 15:05:22 | INFO     | __main__:main:56 | 📱 Додаток: Fitness CRM v1.0.0
2025-07-22 15:05:22 | INFO     | __main__:main:57 | 👤 Автор: Denis
2025-07-22 15:05:22 | INFO     | __main__:main:67 | 🎨 Встановлено світлу тему
2025-07-22 15:05:22 | INFO     | __main__:main:71 | ✨ Застосовано кастомні стилі
2025-07-22 15:05:23 | INFO     | __main__:main:79 | 🪟 Головне вікно створено та показано
2025-07-22 15:05:23 | INFO     | __main__:main:82 | ▶️ Запуск головного циклу програми
2025-07-22 15:05:36 | INFO     | ui.dialogs.edit_client.main_dialog:_save_client_to_file:463 | 💾 Клієнта 'Денис Мельниченко' збережено: Денис_Мельниченко_bb1e3ab2.json
2025-07-22 15:05:44 | INFO     | ui.dialogs.edit_client.main_dialog:_save_client_to_file:463 | 💾 Клієнта 'Денис Мельничен' збережено: Денис_Мельничен_bb1e3ab2.json
2025-07-22 15:12:50 | INFO     | config.logger:log_startup:95 | 🚀 Fitness CRM запущено
2025-07-22 15:12:50 | INFO     | config.logger:log_startup:96 | 📁 Робоча директорія: C:\Users\vedor\OneDrive\Рабочий стол\fitness_crm_pyside6
2025-07-22 15:12:50 | INFO     | config.logger:log_startup:97 | 🐍 Python версія: 3.12.9 (tags/v3.12.9:fdb8142, Feb  4 2025, 15:27:58) [MSC v.1942 64 bit (AMD64)]
2025-07-22 15:12:50 | INFO     | __main__:main:41 | 🚀 Запуск Fitness CRM...
2025-07-22 15:12:50 | INFO     | __main__:main:56 | 📱 Додаток: Fitness CRM v1.0.0
2025-07-22 15:12:50 | INFO     | __main__:main:57 | 👤 Автор: Denis
2025-07-22 15:12:50 | INFO     | __main__:main:67 | 🎨 Встановлено світлу тему
2025-07-22 15:12:50 | INFO     | __main__:main:71 | ✨ Застосовано кастомні стилі
2025-07-22 15:12:52 | INFO     | __main__:main:79 | 🪟 Головне вікно створено та показано
2025-07-22 15:12:52 | INFO     | __main__:main:82 | ▶️ Запуск головного циклу програми
2025-07-22 15:14:03 | INFO     | ui.dialogs.edit_client.main_dialog:_save_client_to_file:463 | 💾 Клієнта 'іваі опа' збережено: іваі_опа_21cf6b01.json
2025-07-22 15:25:25 | INFO     | config.logger:log_startup:95 | 🚀 Fitness CRM запущено
2025-07-22 15:25:25 | INFO     | config.logger:log_startup:96 | 📁 Робоча директорія: C:\Users\vedor\OneDrive\Рабочий стол\fitness_crm_pyside6
2025-07-22 15:25:25 | INFO     | config.logger:log_startup:97 | 🐍 Python версія: 3.12.9 (tags/v3.12.9:fdb8142, Feb  4 2025, 15:27:58) [MSC v.1942 64 bit (AMD64)]
2025-07-22 15:25:25 | INFO     | __main__:main:41 | 🚀 Запуск Fitness CRM...
2025-07-22 15:25:25 | INFO     | __main__:main:56 | 📱 Додаток: Fitness CRM v1.0.0
2025-07-22 15:25:25 | INFO     | __main__:main:57 | 👤 Автор: Denis
2025-07-22 15:25:25 | INFO     | __main__:main:67 | 🎨 Встановлено світлу тему
2025-07-22 15:25:25 | INFO     | __main__:main:71 | ✨ Застосовано кастомні стилі
2025-07-22 15:25:26 | INFO     | __main__:main:79 | 🪟 Головне вікно створено та показано
2025-07-22 15:25:26 | INFO     | __main__:main:82 | ▶️ Запуск головного циклу програми
2025-07-22 15:25:39 | INFO     | ui.dialogs.edit_client.main_dialog:_save_client_to_file:484 | 💾 Клієнта 'Денис рпорпо' збережено: Денис_рпорпо_bb1e3ab2.json
2025-07-22 15:25:57 | INFO     | __main__:main:85 | 🏁 Програма завершена
2025-07-22 15:25:57 | INFO     | config.logger:log_shutdown:101 | 🛑 Fitness CRM завершено
2025-07-22 15:38:57 | INFO     | config.logger:log_startup:95 | 🚀 Fitness CRM запущено
2025-07-22 15:38:57 | INFO     | config.logger:log_startup:96 | 📁 Робоча директорія: C:\Users\vedor\OneDrive\Рабочий стол\fitness_crm_pyside6
2025-07-22 15:38:57 | INFO     | config.logger:log_startup:97 | 🐍 Python версія: 3.12.9 (tags/v3.12.9:fdb8142, Feb  4 2025, 15:27:58) [MSC v.1942 64 bit (AMD64)]
2025-07-22 15:38:58 | INFO     | __main__:main:41 | 🚀 Запуск Fitness CRM...
2025-07-22 15:38:58 | INFO     | __main__:main:56 | 📱 Додаток: Fitness CRM v1.0.0
2025-07-22 15:38:58 | INFO     | __main__:main:57 | 👤 Автор: Denis
2025-07-22 15:38:58 | INFO     | __main__:main:67 | 🎨 Встановлено світлу тему
2025-07-22 15:38:58 | INFO     | __main__:main:71 | ✨ Застосовано кастомні стилі
2025-07-22 15:38:59 | ERROR    | __main__:main:90 | 💥 Критична помилка: 'PySide6.QtWidgets.QScrollArea.__init__' called with wrong argument types:
  PySide6.QtWidgets.QScrollArea.__init__(Orientation)
Supported signatures:
  PySide6.QtWidgets.QScrollArea.__init__(parent: PySide6.QtWidgets.QWidget | None = None, *, widgetResizable: bool | None = None, alignment: PySide6.QtCore.Qt.AlignmentFlag | None = None)
2025-07-22 15:40:38 | INFO     | config.logger:log_startup:95 | 🚀 Fitness CRM запущено
2025-07-22 15:40:38 | INFO     | config.logger:log_startup:96 | 📁 Робоча директорія: C:\Users\vedor\OneDrive\Рабочий стол\fitness_crm_pyside6
2025-07-22 15:40:38 | INFO     | config.logger:log_startup:97 | 🐍 Python версія: 3.12.9 (tags/v3.12.9:fdb8142, Feb  4 2025, 15:27:58) [MSC v.1942 64 bit (AMD64)]
2025-07-22 15:40:39 | INFO     | __main__:main:41 | 🚀 Запуск Fitness CRM...
2025-07-22 15:40:39 | INFO     | __main__:main:56 | 📱 Додаток: Fitness CRM v1.0.0
2025-07-22 15:40:39 | INFO     | __main__:main:57 | 👤 Автор: Denis
2025-07-22 15:40:39 | INFO     | __main__:main:67 | 🎨 Встановлено світлу тему
2025-07-22 15:40:39 | INFO     | __main__:main:71 | ✨ Застосовано кастомні стилі
2025-07-22 15:40:40 | ERROR    | __main__:main:90 | 💥 Критична помилка: 'PySide6.QtWidgets.QScrollArea.__init__' called with wrong argument types:
  PySide6.QtWidgets.QScrollArea.__init__(Orientation)
Supported signatures:
  PySide6.QtWidgets.QScrollArea.__init__(parent: PySide6.QtWidgets.QWidget | None = None, *, widgetResizable: bool | None = None, alignment: PySide6.QtCore.Qt.AlignmentFlag | None = None)
2025-07-22 15:42:39 | INFO     | config.logger:log_startup:95 | 🚀 Fitness CRM запущено
2025-07-22 15:42:39 | INFO     | config.logger:log_startup:96 | 📁 Робоча директорія: C:\Users\vedor\OneDrive\Рабочий стол\fitness_crm_pyside6
2025-07-22 15:42:39 | INFO     | config.logger:log_startup:97 | 🐍 Python версія: 3.12.9 (tags/v3.12.9:fdb8142, Feb  4 2025, 15:27:58) [MSC v.1942 64 bit (AMD64)]
2025-07-22 15:42:39 | INFO     | __main__:main:41 | 🚀 Запуск Fitness CRM...
2025-07-22 15:42:40 | INFO     | __main__:main:56 | 📱 Додаток: Fitness CRM v1.0.0
2025-07-22 15:42:40 | INFO     | __main__:main:57 | 👤 Автор: Denis
2025-07-22 15:42:40 | INFO     | __main__:main:67 | 🎨 Встановлено світлу тему
2025-07-22 15:42:40 | INFO     | __main__:main:71 | ✨ Застосовано кастомні стилі
2025-07-22 15:42:40 | ERROR    | __main__:main:90 | 💥 Критична помилка: type object 'FluentIcon' has no attribute 'PIE_CHART'
2025-07-22 15:43:23 | INFO     | config.logger:log_startup:95 | 🚀 Fitness CRM запущено
2025-07-22 15:43:23 | INFO     | config.logger:log_startup:96 | 📁 Робоча директорія: C:\Users\vedor\OneDrive\Рабочий стол\fitness_crm_pyside6
2025-07-22 15:43:23 | INFO     | config.logger:log_startup:97 | 🐍 Python версія: 3.12.9 (tags/v3.12.9:fdb8142, Feb  4 2025, 15:27:58) [MSC v.1942 64 bit (AMD64)]
2025-07-22 15:43:24 | INFO     | __main__:main:41 | 🚀 Запуск Fitness CRM...
2025-07-22 15:43:24 | INFO     | __main__:main:56 | 📱 Додаток: Fitness CRM v1.0.0
2025-07-22 15:43:24 | INFO     | __main__:main:57 | 👤 Автор: Denis
2025-07-22 15:43:24 | INFO     | __main__:main:67 | 🎨 Встановлено світлу тему
2025-07-22 15:43:24 | INFO     | __main__:main:71 | ✨ Застосовано кастомні стилі
2025-07-22 15:43:25 | ERROR    | __main__:main:90 | 💥 Критична помилка: type object 'FluentIcon' has no attribute 'GRAPH'
2025-07-22 15:44:48 | INFO     | config.logger:log_startup:95 | 🚀 Fitness CRM запущено
2025-07-22 15:44:48 | INFO     | config.logger:log_startup:96 | 📁 Робоча директорія: C:\Users\vedor\OneDrive\Рабочий стол\fitness_crm_pyside6
2025-07-22 15:44:48 | INFO     | config.logger:log_startup:97 | 🐍 Python версія: 3.12.9 (tags/v3.12.9:fdb8142, Feb  4 2025, 15:27:58) [MSC v.1942 64 bit (AMD64)]
2025-07-22 15:44:49 | INFO     | __main__:main:41 | 🚀 Запуск Fitness CRM...
2025-07-22 15:44:49 | INFO     | __main__:main:56 | 📱 Додаток: Fitness CRM v1.0.0
2025-07-22 15:44:49 | INFO     | __main__:main:57 | 👤 Автор: Denis
2025-07-22 15:44:49 | INFO     | __main__:main:67 | 🎨 Встановлено світлу тему
2025-07-22 15:44:49 | INFO     | __main__:main:71 | ✨ Застосовано кастомні стилі
2025-07-22 15:44:54 | INFO     | __main__:main:79 | 🪟 Головне вікно створено та показано
2025-07-22 15:44:54 | INFO     | __main__:main:82 | ▶️ Запуск головного циклу програми
2025-07-22 15:46:08 | INFO     | __main__:main:85 | 🏁 Програма завершена
2025-07-22 15:46:08 | INFO     | config.logger:log_shutdown:101 | 🛑 Fitness CRM завершено
2025-07-22 15:51:57 | INFO     | config.logger:log_startup:95 | 🚀 Fitness CRM запущено
2025-07-22 15:51:57 | INFO     | config.logger:log_startup:96 | 📁 Робоча директорія: C:\Users\vedor\OneDrive\Рабочий стол\fitness_crm_pyside6
2025-07-22 15:51:57 | INFO     | config.logger:log_startup:97 | 🐍 Python версія: 3.12.9 (tags/v3.12.9:fdb8142, Feb  4 2025, 15:27:58) [MSC v.1942 64 bit (AMD64)]
2025-07-22 15:51:58 | INFO     | __main__:main:41 | 🚀 Запуск Fitness CRM...
2025-07-22 15:51:58 | INFO     | __main__:main:56 | 📱 Додаток: Fitness CRM v1.0.0
2025-07-22 15:51:58 | INFO     | __main__:main:57 | 👤 Автор: Denis
2025-07-22 15:51:58 | INFO     | __main__:main:67 | 🎨 Встановлено світлу тему
2025-07-22 15:51:58 | INFO     | __main__:main:71 | ✨ Застосовано кастомні стилі
2025-07-22 15:51:59 | INFO     | __main__:main:79 | 🪟 Головне вікно створено та показано
2025-07-22 15:51:59 | INFO     | __main__:main:82 | ▶️ Запуск головного циклу програми
2025-07-22 15:53:03 | INFO     | ui.dialogs.edit_client.main_dialog:_save_client_to_file:484 | 💾 Клієнта 'Денис werwrwerwe' збережено: Денис_werwrwerwe_bb1e3ab2.json
2025-07-22 15:54:21 | INFO     | __main__:main:85 | 🏁 Програма завершена
2025-07-22 15:54:21 | INFO     | config.logger:log_shutdown:101 | 🛑 Fitness CRM завершено
2025-07-22 15:57:50 | INFO     | config.logger:log_startup:95 | 🚀 Fitness CRM запущено
2025-07-22 15:57:50 | INFO     | config.logger:log_startup:96 | 📁 Робоча директорія: C:\Users\vedor\OneDrive\Рабочий стол\fitness_crm_pyside6
2025-07-22 15:57:50 | INFO     | config.logger:log_startup:97 | 🐍 Python версія: 3.12.9 (tags/v3.12.9:fdb8142, Feb  4 2025, 15:27:58) [MSC v.1942 64 bit (AMD64)]
2025-07-22 15:57:50 | INFO     | __main__:main:41 | 🚀 Запуск Fitness CRM...
2025-07-22 15:57:50 | INFO     | __main__:main:56 | 📱 Додаток: Fitness CRM v1.0.0
2025-07-22 15:57:50 | INFO     | __main__:main:57 | 👤 Автор: Denis
2025-07-22 15:57:50 | INFO     | __main__:main:67 | 🎨 Встановлено світлу тему
2025-07-22 15:57:50 | INFO     | __main__:main:71 | ✨ Застосовано кастомні стилі
2025-07-22 15:57:51 | INFO     | __main__:main:79 | 🪟 Головне вікно створено та показано
2025-07-22 15:57:51 | INFO     | __main__:main:82 | ▶️ Запуск головного циклу програми
2025-07-22 15:58:06 | INFO     | ui.dialogs.edit_client.main_dialog:_save_client_to_file:484 | 💾 Клієнта 'Денис аавпа' збережено: Денис_аавпа_bb1e3ab2.json
2025-07-22 15:58:15 | INFO     | ui.dialogs.edit_client.main_dialog:_save_client_to_file:484 | 💾 Клієнта 'Денис апапрапрапрапрапрап' збережено: Денис_апапрапрапрапрапрап_bb1e3ab2.json
2025-07-22 15:58:23 | INFO     | ui.dialogs.edit_client.main_dialog:_save_client_to_file:484 | 💾 Клієнта 'Денис пар433' збережено: Денис_пар433_bb1e3ab2.json
2025-07-22 15:58:33 | INFO     | __main__:main:85 | 🏁 Програма завершена
2025-07-22 15:58:33 | INFO     | config.logger:log_shutdown:101 | 🛑 Fitness CRM завершено
2025-07-22 15:58:56 | INFO     | config.logger:log_startup:95 | 🚀 Fitness CRM запущено
2025-07-22 15:58:56 | INFO     | config.logger:log_startup:96 | 📁 Робоча директорія: C:\Users\vedor\OneDrive\Рабочий стол\fitness_crm_pyside6
2025-07-22 15:58:56 | INFO     | config.logger:log_startup:97 | 🐍 Python версія: 3.12.9 (tags/v3.12.9:fdb8142, Feb  4 2025, 15:27:58) [MSC v.1942 64 bit (AMD64)]
2025-07-22 15:58:56 | INFO     | __main__:main:41 | 🚀 Запуск Fitness CRM...
2025-07-22 15:58:57 | INFO     | __main__:main:56 | 📱 Додаток: Fitness CRM v1.0.0
2025-07-22 15:58:57 | INFO     | __main__:main:57 | 👤 Автор: Denis
2025-07-22 15:58:57 | INFO     | __main__:main:67 | 🎨 Встановлено світлу тему
2025-07-22 15:58:57 | INFO     | __main__:main:71 | ✨ Застосовано кастомні стилі
2025-07-22 15:58:58 | INFO     | __main__:main:79 | 🪟 Головне вікно створено та показано
2025-07-22 15:58:58 | INFO     | __main__:main:82 | ▶️ Запуск головного циклу програми
2025-07-22 15:59:06 | INFO     | __main__:main:85 | 🏁 Програма завершена
2025-07-22 15:59:06 | INFO     | config.logger:log_shutdown:101 | 🛑 Fitness CRM завершено
2025-07-22 16:02:45 | INFO     | config.logger:log_startup:95 | 🚀 Fitness CRM запущено
2025-07-22 16:02:45 | INFO     | config.logger:log_startup:96 | 📁 Робоча директорія: C:\Users\vedor\OneDrive\Рабочий стол\fitness_crm_pyside6
2025-07-22 16:02:45 | INFO     | config.logger:log_startup:97 | 🐍 Python версія: 3.12.9 (tags/v3.12.9:fdb8142, Feb  4 2025, 15:27:58) [MSC v.1942 64 bit (AMD64)]
2025-07-22 16:02:46 | INFO     | __main__:main:41 | 🚀 Запуск Fitness CRM...
2025-07-22 16:02:46 | INFO     | __main__:main:56 | 📱 Додаток: Fitness CRM v1.0.0
2025-07-22 16:02:46 | INFO     | __main__:main:57 | 👤 Автор: Denis
2025-07-22 16:02:46 | INFO     | __main__:main:67 | 🎨 Встановлено світлу тему
2025-07-22 16:02:46 | INFO     | __main__:main:71 | ✨ Застосовано кастомні стилі
2025-07-22 16:02:47 | INFO     | __main__:main:79 | 🪟 Головне вікно створено та показано
2025-07-22 16:02:47 | INFO     | __main__:main:82 | ▶️ Запуск головного циклу програми
2025-07-22 16:03:00 | INFO     | __main__:main:85 | 🏁 Програма завершена
2025-07-22 16:03:00 | INFO     | config.logger:log_shutdown:101 | 🛑 Fitness CRM завершено
2025-07-22 16:03:20 | INFO     | config.logger:log_startup:95 | 🚀 Fitness CRM запущено
2025-07-22 16:03:20 | INFO     | config.logger:log_startup:96 | 📁 Робоча директорія: C:\Users\vedor\OneDrive\Рабочий стол\fitness_crm_pyside6
2025-07-22 16:03:20 | INFO     | config.logger:log_startup:97 | 🐍 Python версія: 3.12.9 (tags/v3.12.9:fdb8142, Feb  4 2025, 15:27:58) [MSC v.1942 64 bit (AMD64)]
2025-07-22 16:03:21 | INFO     | __main__:main:41 | 🚀 Запуск Fitness CRM...
2025-07-22 16:03:21 | INFO     | __main__:main:56 | 📱 Додаток: Fitness CRM v1.0.0
2025-07-22 16:03:21 | INFO     | __main__:main:57 | 👤 Автор: Denis
2025-07-22 16:03:21 | INFO     | __main__:main:67 | 🎨 Встановлено світлу тему
2025-07-22 16:03:21 | INFO     | __main__:main:71 | ✨ Застосовано кастомні стилі
2025-07-22 16:03:22 | INFO     | __main__:main:79 | 🪟 Головне вікно створено та показано
2025-07-22 16:03:22 | INFO     | __main__:main:82 | ▶️ Запуск головного циклу програми
2025-07-22 16:03:27 | INFO     | __main__:main:85 | 🏁 Програма завершена
2025-07-22 16:03:27 | INFO     | config.logger:log_shutdown:101 | 🛑 Fitness CRM завершено
2025-07-22 16:03:39 | INFO     | config.logger:log_startup:95 | 🚀 Fitness CRM запущено
2025-07-22 16:03:39 | INFO     | config.logger:log_startup:96 | 📁 Робоча директорія: C:\Users\vedor\OneDrive\Рабочий стол\fitness_crm_pyside6
2025-07-22 16:03:39 | INFO     | config.logger:log_startup:97 | 🐍 Python версія: 3.12.9 (tags/v3.12.9:fdb8142, Feb  4 2025, 15:27:58) [MSC v.1942 64 bit (AMD64)]
2025-07-22 16:03:40 | INFO     | __main__:main:41 | 🚀 Запуск Fitness CRM...
2025-07-22 16:03:40 | INFO     | __main__:main:56 | 📱 Додаток: Fitness CRM v1.0.0
2025-07-22 16:03:40 | INFO     | __main__:main:57 | 👤 Автор: Denis
2025-07-22 16:03:40 | INFO     | __main__:main:67 | 🎨 Встановлено світлу тему
2025-07-22 16:03:40 | INFO     | __main__:main:71 | ✨ Застосовано кастомні стилі
2025-07-22 16:03:41 | INFO     | __main__:main:79 | 🪟 Головне вікно створено та показано
2025-07-22 16:03:41 | INFO     | __main__:main:82 | ▶️ Запуск головного циклу програми
2025-07-22 16:04:34 | INFO     | __main__:main:85 | 🏁 Програма завершена
2025-07-22 16:04:34 | INFO     | config.logger:log_shutdown:101 | 🛑 Fitness CRM завершено
2025-07-22 16:11:44 | INFO     | config.logger:log_startup:95 | 🚀 Fitness CRM запущено
2025-07-22 16:11:44 | INFO     | config.logger:log_startup:96 | 📁 Робоча директорія: C:\Users\vedor\OneDrive\Рабочий стол\fitness_crm_pyside6
2025-07-22 16:11:44 | INFO     | config.logger:log_startup:97 | 🐍 Python версія: 3.12.9 (tags/v3.12.9:fdb8142, Feb  4 2025, 15:27:58) [MSC v.1942 64 bit (AMD64)]
2025-07-22 16:11:44 | INFO     | __main__:main:41 | 🚀 Запуск Fitness CRM...
2025-07-22 16:11:44 | INFO     | __main__:main:56 | 📱 Додаток: Fitness CRM v1.0.0
2025-07-22 16:11:44 | INFO     | __main__:main:57 | 👤 Автор: Denis
2025-07-22 16:11:44 | INFO     | __main__:main:67 | 🎨 Встановлено світлу тему
2025-07-22 16:11:44 | INFO     | __main__:main:71 | ✨ Застосовано кастомні стилі
2025-07-22 16:11:45 | INFO     | __main__:main:79 | 🪟 Головне вікно створено та показано
2025-07-22 16:11:45 | INFO     | __main__:main:82 | ▶️ Запуск головного циклу програми
2025-07-22 16:11:51 | INFO     | __main__:main:85 | 🏁 Програма завершена
2025-07-22 16:11:51 | INFO     | config.logger:log_shutdown:101 | 🛑 Fitness CRM завершено
2025-07-22 16:14:54 | INFO     | config.logger:log_startup:95 | 🚀 Fitness CRM запущено
2025-07-22 16:14:54 | INFO     | config.logger:log_startup:96 | 📁 Робоча директорія: C:\Users\vedor\OneDrive\Рабочий стол\fitness_crm_pyside6
2025-07-22 16:14:54 | INFO     | config.logger:log_startup:97 | 🐍 Python версія: 3.12.9 (tags/v3.12.9:fdb8142, Feb  4 2025, 15:27:58) [MSC v.1942 64 bit (AMD64)]
2025-07-22 16:14:55 | INFO     | __main__:main:41 | 🚀 Запуск Fitness CRM...
2025-07-22 16:14:55 | INFO     | __main__:main:56 | 📱 Додаток: Fitness CRM v1.0.0
2025-07-22 16:14:55 | INFO     | __main__:main:57 | 👤 Автор: Denis
2025-07-22 16:14:55 | INFO     | __main__:main:67 | 🎨 Встановлено світлу тему
2025-07-22 16:14:55 | INFO     | __main__:main:71 | ✨ Застосовано кастомні стилі
2025-07-22 16:14:56 | INFO     | __main__:main:79 | 🪟 Головне вікно створено та показано
2025-07-22 16:14:56 | INFO     | __main__:main:82 | ▶️ Запуск головного циклу програми
2025-07-22 16:15:12 | INFO     | __main__:main:85 | 🏁 Програма завершена
2025-07-22 16:15:12 | INFO     | config.logger:log_shutdown:101 | 🛑 Fitness CRM завершено
2025-07-22 16:15:46 | INFO     | config.logger:log_startup:95 | 🚀 Fitness CRM запущено
2025-07-22 16:15:46 | INFO     | config.logger:log_startup:96 | 📁 Робоча директорія: C:\Users\vedor\OneDrive\Рабочий стол\fitness_crm_pyside6
2025-07-22 16:15:46 | INFO     | config.logger:log_startup:97 | 🐍 Python версія: 3.12.9 (tags/v3.12.9:fdb8142, Feb  4 2025, 15:27:58) [MSC v.1942 64 bit (AMD64)]
2025-07-22 16:15:47 | INFO     | __main__:main:41 | 🚀 Запуск Fitness CRM...
2025-07-22 16:15:47 | INFO     | __main__:main:56 | 📱 Додаток: Fitness CRM v1.0.0
2025-07-22 16:15:47 | INFO     | __main__:main:57 | 👤 Автор: Denis
2025-07-22 16:15:47 | INFO     | __main__:main:67 | 🎨 Встановлено світлу тему
2025-07-22 16:15:47 | INFO     | __main__:main:71 | ✨ Застосовано кастомні стилі
2025-07-22 16:15:48 | INFO     | __main__:main:79 | 🪟 Головне вікно створено та показано
2025-07-22 16:15:48 | INFO     | __main__:main:82 | ▶️ Запуск головного циклу програми
2025-07-22 16:16:53 | INFO     | __main__:main:85 | 🏁 Програма завершена
2025-07-22 16:16:53 | INFO     | config.logger:log_shutdown:101 | 🛑 Fitness CRM завершено
2025-07-22 16:20:14 | INFO     | config.logger:log_startup:95 | 🚀 Fitness CRM запущено
2025-07-22 16:20:14 | INFO     | config.logger:log_startup:96 | 📁 Робоча директорія: C:\Users\vedor\OneDrive\Рабочий стол\fitness_crm_pyside6
2025-07-22 16:20:14 | INFO     | config.logger:log_startup:97 | 🐍 Python версія: 3.12.9 (tags/v3.12.9:fdb8142, Feb  4 2025, 15:27:58) [MSC v.1942 64 bit (AMD64)]
2025-07-22 16:20:15 | INFO     | __main__:main:41 | 🚀 Запуск Fitness CRM...
2025-07-22 16:20:15 | INFO     | __main__:main:56 | 📱 Додаток: Fitness CRM v1.0.0
2025-07-22 16:20:15 | INFO     | __main__:main:57 | 👤 Автор: Denis
2025-07-22 16:20:15 | INFO     | __main__:main:67 | 🎨 Встановлено світлу тему
2025-07-22 16:20:15 | INFO     | __main__:main:71 | ✨ Застосовано кастомні стилі
2025-07-22 16:20:16 | INFO     | __main__:main:79 | 🪟 Головне вікно створено та показано
2025-07-22 16:20:16 | INFO     | __main__:main:82 | ▶️ Запуск головного циклу програми
2025-07-22 16:21:12 | INFO     | __main__:main:85 | 🏁 Програма завершена
2025-07-22 16:21:12 | INFO     | config.logger:log_shutdown:101 | 🛑 Fitness CRM завершено
2025-07-22 16:29:51 | INFO     | config.logger:log_startup:95 | 🚀 Fitness CRM запущено
2025-07-22 16:29:51 | INFO     | config.logger:log_startup:96 | 📁 Робоча директорія: C:\Users\vedor\OneDrive\Рабочий стол\fitness_crm_pyside6
2025-07-22 16:29:51 | INFO     | config.logger:log_startup:97 | 🐍 Python версія: 3.12.9 (tags/v3.12.9:fdb8142, Feb  4 2025, 15:27:58) [MSC v.1942 64 bit (AMD64)]
2025-07-22 16:29:52 | INFO     | __main__:main:41 | 🚀 Запуск Fitness CRM...
2025-07-22 16:29:52 | INFO     | __main__:main:56 | 📱 Додаток: Fitness CRM v1.0.0
2025-07-22 16:29:52 | INFO     | __main__:main:57 | 👤 Автор: Denis
2025-07-22 16:29:52 | INFO     | __main__:main:67 | 🎨 Встановлено світлу тему
2025-07-22 16:29:52 | INFO     | __main__:main:71 | ✨ Застосовано кастомні стилі
2025-07-22 16:29:53 | INFO     | __main__:main:79 | 🪟 Головне вікно створено та показано
2025-07-22 16:29:53 | INFO     | __main__:main:82 | ▶️ Запуск головного циклу програми
2025-07-22 16:30:28 | INFO     | __main__:main:85 | 🏁 Програма завершена
2025-07-22 16:30:28 | INFO     | config.logger:log_shutdown:101 | 🛑 Fitness CRM завершено
2025-07-22 16:40:45 | INFO     | config.logger:log_startup:95 | 🚀 Fitness CRM запущено
2025-07-22 16:40:45 | INFO     | config.logger:log_startup:96 | 📁 Робоча директорія: C:\Users\vedor\OneDrive\Рабочий стол\fitness_crm_pyside6
2025-07-22 16:40:45 | INFO     | config.logger:log_startup:97 | 🐍 Python версія: 3.12.9 (tags/v3.12.9:fdb8142, Feb  4 2025, 15:27:58) [MSC v.1942 64 bit (AMD64)]
2025-07-22 16:40:46 | INFO     | __main__:main:41 | 🚀 Запуск Fitness CRM...
2025-07-22 16:40:46 | INFO     | __main__:main:56 | 📱 Додаток: Fitness CRM v1.0.0
2025-07-22 16:40:46 | INFO     | __main__:main:57 | 👤 Автор: Denis
2025-07-22 16:40:46 | INFO     | __main__:main:67 | 🎨 Встановлено світлу тему
2025-07-22 16:40:46 | INFO     | __main__:main:71 | ✨ Застосовано кастомні стилі
2025-07-22 16:40:47 | INFO     | __main__:main:79 | 🪟 Головне вікно створено та показано
2025-07-22 16:40:47 | INFO     | __main__:main:82 | ▶️ Запуск головного циклу програми
2025-07-22 16:40:59 | INFO     | __main__:main:85 | 🏁 Програма завершена
2025-07-22 16:40:59 | INFO     | config.logger:log_shutdown:101 | 🛑 Fitness CRM завершено
2025-07-22 16:45:18 | INFO     | config.logger:log_startup:95 | 🚀 Fitness CRM запущено
2025-07-22 16:45:18 | INFO     | config.logger:log_startup:96 | 📁 Робоча директорія: C:\Users\vedor\OneDrive\Рабочий стол\fitness_crm_pyside6
2025-07-22 16:45:18 | INFO     | config.logger:log_startup:97 | 🐍 Python версія: 3.12.9 (tags/v3.12.9:fdb8142, Feb  4 2025, 15:27:58) [MSC v.1942 64 bit (AMD64)]
2025-07-22 16:45:19 | INFO     | __main__:main:41 | 🚀 Запуск Fitness CRM...
2025-07-22 16:45:19 | INFO     | __main__:main:56 | 📱 Додаток: Fitness CRM v1.0.0
2025-07-22 16:45:19 | INFO     | __main__:main:57 | 👤 Автор: Denis
2025-07-22 16:45:19 | INFO     | __main__:main:67 | 🎨 Встановлено світлу тему
2025-07-22 16:45:19 | INFO     | __main__:main:71 | ✨ Застосовано кастомні стилі
2025-07-22 16:45:20 | INFO     | __main__:main:79 | 🪟 Головне вікно створено та показано
2025-07-22 16:45:20 | INFO     | __main__:main:82 | ▶️ Запуск головного циклу програми
2025-07-22 16:46:39 | INFO     | ui.dialogs.edit_client.main_dialog:_save_client_to_file:499 | 💾 Клієнта 'Ltyhbc dsfsdf' збережено: Ltyhbc_dsfsdf_5d061b96.json
2025-07-22 16:46:41 | INFO     | __main__:main:85 | 🏁 Програма завершена
2025-07-22 16:46:41 | INFO     | config.logger:log_shutdown:101 | 🛑 Fitness CRM завершено
2025-07-22 16:50:59 | INFO     | config.logger:log_startup:95 | 🚀 Fitness CRM запущено
2025-07-22 16:50:59 | INFO     | config.logger:log_startup:96 | 📁 Робоча директорія: C:\Users\vedor\OneDrive\Рабочий стол\fitness_crm_pyside6
2025-07-22 16:50:59 | INFO     | config.logger:log_startup:97 | 🐍 Python версія: 3.12.9 (tags/v3.12.9:fdb8142, Feb  4 2025, 15:27:58) [MSC v.1942 64 bit (AMD64)]
2025-07-22 16:50:59 | INFO     | __main__:main:41 | 🚀 Запуск Fitness CRM...
2025-07-22 16:50:59 | INFO     | __main__:main:56 | 📱 Додаток: Fitness CRM v1.0.0
2025-07-22 16:50:59 | INFO     | __main__:main:57 | 👤 Автор: Denis
2025-07-22 16:50:59 | INFO     | __main__:main:67 | 🎨 Встановлено світлу тему
2025-07-22 16:50:59 | INFO     | __main__:main:71 | ✨ Застосовано кастомні стилі
2025-07-22 16:51:01 | INFO     | __main__:main:79 | 🪟 Головне вікно створено та показано
2025-07-22 16:51:01 | INFO     | __main__:main:82 | ▶️ Запуск головного циклу програми
2025-07-22 16:53:37 | INFO     | __main__:main:85 | 🏁 Програма завершена
2025-07-22 16:53:37 | INFO     | config.logger:log_shutdown:101 | 🛑 Fitness CRM завершено
2025-07-22 16:55:21 | INFO     | config.logger:log_startup:95 | 🚀 Fitness CRM запущено
2025-07-22 16:55:21 | INFO     | config.logger:log_startup:96 | 📁 Робоча директорія: C:\Users\vedor\OneDrive\Рабочий стол\fitness_crm_pyside6
2025-07-22 16:55:22 | INFO     | config.logger:log_startup:97 | 🐍 Python версія: 3.12.9 (tags/v3.12.9:fdb8142, Feb  4 2025, 15:27:58) [MSC v.1942 64 bit (AMD64)]
2025-07-22 16:55:22 | INFO     | __main__:main:41 | 🚀 Запуск Fitness CRM...
2025-07-22 16:55:22 | INFO     | __main__:main:56 | 📱 Додаток: Fitness CRM v1.0.0
2025-07-22 16:55:22 | INFO     | __main__:main:57 | 👤 Автор: Denis
2025-07-22 16:55:22 | INFO     | __main__:main:67 | 🎨 Встановлено світлу тему
2025-07-22 16:55:22 | INFO     | __main__:main:71 | ✨ Застосовано кастомні стилі
2025-07-22 16:55:23 | INFO     | __main__:main:79 | 🪟 Головне вікно створено та показано
2025-07-22 16:55:23 | INFO     | __main__:main:82 | ▶️ Запуск головного циклу програми
2025-07-22 16:55:29 | INFO     | __main__:main:85 | 🏁 Програма завершена
2025-07-22 16:55:29 | INFO     | config.logger:log_shutdown:101 | 🛑 Fitness CRM завершено
2025-07-22 16:59:46 | INFO     | config.logger:log_startup:95 | 🚀 Fitness CRM запущено
2025-07-22 16:59:46 | INFO     | config.logger:log_startup:96 | 📁 Робоча директорія: C:\Users\vedor\OneDrive\Рабочий стол\fitness_crm_pyside6
2025-07-22 16:59:46 | INFO     | config.logger:log_startup:97 | 🐍 Python версія: 3.12.9 (tags/v3.12.9:fdb8142, Feb  4 2025, 15:27:58) [MSC v.1942 64 bit (AMD64)]
2025-07-22 16:59:47 | INFO     | __main__:main:41 | 🚀 Запуск Fitness CRM...
2025-07-22 16:59:47 | INFO     | __main__:main:56 | 📱 Додаток: Fitness CRM v1.0.0
2025-07-22 16:59:47 | INFO     | __main__:main:57 | 👤 Автор: Denis
2025-07-22 16:59:47 | INFO     | __main__:main:67 | 🎨 Встановлено світлу тему
2025-07-22 16:59:47 | INFO     | __main__:main:71 | ✨ Застосовано кастомні стилі
2025-07-22 16:59:48 | INFO     | __main__:main:79 | 🪟 Головне вікно створено та показано
2025-07-22 16:59:48 | INFO     | __main__:main:82 | ▶️ Запуск головного циклу програми
2025-07-22 17:00:02 | INFO     | __main__:main:85 | 🏁 Програма завершена
2025-07-22 17:00:02 | INFO     | config.logger:log_shutdown:101 | 🛑 Fitness CRM завершено
2025-07-22 17:01:06 | INFO     | config.logger:log_startup:95 | 🚀 Fitness CRM запущено
2025-07-22 17:01:06 | INFO     | config.logger:log_startup:96 | 📁 Робоча директорія: C:\Users\vedor\OneDrive\Рабочий стол\fitness_crm_pyside6
2025-07-22 17:01:06 | INFO     | config.logger:log_startup:97 | 🐍 Python версія: 3.12.9 (tags/v3.12.9:fdb8142, Feb  4 2025, 15:27:58) [MSC v.1942 64 bit (AMD64)]
2025-07-22 17:01:07 | INFO     | __main__:main:41 | 🚀 Запуск Fitness CRM...
2025-07-22 17:01:07 | INFO     | __main__:main:56 | 📱 Додаток: Fitness CRM v1.0.0
2025-07-22 17:01:07 | INFO     | __main__:main:57 | 👤 Автор: Denis
2025-07-22 17:01:07 | INFO     | __main__:main:67 | 🎨 Встановлено світлу тему
2025-07-22 17:01:07 | INFO     | __main__:main:71 | ✨ Застосовано кастомні стилі
2025-07-22 17:01:08 | INFO     | __main__:main:79 | 🪟 Головне вікно створено та показано
2025-07-22 17:01:08 | INFO     | __main__:main:82 | ▶️ Запуск головного циклу програми
2025-07-22 17:01:11 | INFO     | __main__:main:85 | 🏁 Програма завершена
2025-07-22 17:01:11 | INFO     | config.logger:log_shutdown:101 | 🛑 Fitness CRM завершено
2025-07-22 17:04:15 | INFO     | config.logger:log_startup:95 | 🚀 Fitness CRM запущено
2025-07-22 17:04:15 | INFO     | config.logger:log_startup:96 | 📁 Робоча директорія: C:\Users\vedor\OneDrive\Рабочий стол\fitness_crm_pyside6
2025-07-22 17:04:15 | INFO     | config.logger:log_startup:97 | 🐍 Python версія: 3.12.9 (tags/v3.12.9:fdb8142, Feb  4 2025, 15:27:58) [MSC v.1942 64 bit (AMD64)]
2025-07-22 17:04:16 | INFO     | __main__:main:41 | 🚀 Запуск Fitness CRM...
2025-07-22 17:04:16 | INFO     | __main__:main:56 | 📱 Додаток: Fitness CRM v1.0.0
2025-07-22 17:04:16 | INFO     | __main__:main:57 | 👤 Автор: Denis
2025-07-22 17:04:16 | INFO     | __main__:main:67 | 🎨 Встановлено світлу тему
2025-07-22 17:04:16 | INFO     | __main__:main:71 | ✨ Застосовано кастомні стилі
2025-07-22 17:04:17 | INFO     | __main__:main:79 | 🪟 Головне вікно створено та показано
2025-07-22 17:04:17 | INFO     | __main__:main:82 | ▶️ Запуск головного циклу програми
2025-07-22 17:04:25 | INFO     | __main__:main:85 | 🏁 Програма завершена
2025-07-22 17:04:25 | INFO     | config.logger:log_shutdown:101 | 🛑 Fitness CRM завершено
2025-07-22 17:07:09 | INFO     | config.logger:log_startup:95 | 🚀 Fitness CRM запущено
2025-07-22 17:07:09 | INFO     | config.logger:log_startup:96 | 📁 Робоча директорія: C:\Users\vedor\OneDrive\Рабочий стол\fitness_crm_pyside6
2025-07-22 17:07:09 | INFO     | config.logger:log_startup:97 | 🐍 Python версія: 3.12.9 (tags/v3.12.9:fdb8142, Feb  4 2025, 15:27:58) [MSC v.1942 64 bit (AMD64)]
2025-07-22 17:07:10 | INFO     | __main__:main:41 | 🚀 Запуск Fitness CRM...
2025-07-22 17:07:10 | INFO     | __main__:main:56 | 📱 Додаток: Fitness CRM v1.0.0
2025-07-22 17:07:10 | INFO     | __main__:main:57 | 👤 Автор: Denis
2025-07-22 17:07:10 | INFO     | __main__:main:67 | 🎨 Встановлено світлу тему
2025-07-22 17:07:10 | INFO     | __main__:main:71 | ✨ Застосовано кастомні стилі
2025-07-22 17:07:11 | INFO     | __main__:main:79 | 🪟 Головне вікно створено та показано
2025-07-22 17:07:11 | INFO     | __main__:main:82 | ▶️ Запуск головного циклу програми
2025-07-22 17:07:35 | INFO     | __main__:main:85 | 🏁 Програма завершена
2025-07-22 17:07:35 | INFO     | config.logger:log_shutdown:101 | 🛑 Fitness CRM завершено
2025-07-22 17:09:12 | INFO     | config.logger:log_startup:95 | 🚀 Fitness CRM запущено
2025-07-22 17:09:12 | INFO     | config.logger:log_startup:96 | 📁 Робоча директорія: C:\Users\vedor\OneDrive\Рабочий стол\fitness_crm_pyside6
2025-07-22 17:09:12 | INFO     | config.logger:log_startup:97 | 🐍 Python версія: 3.12.9 (tags/v3.12.9:fdb8142, Feb  4 2025, 15:27:58) [MSC v.1942 64 bit (AMD64)]
2025-07-22 17:09:13 | INFO     | __main__:main:41 | 🚀 Запуск Fitness CRM...
2025-07-22 17:09:13 | INFO     | __main__:main:56 | 📱 Додаток: Fitness CRM v1.0.0
2025-07-22 17:09:13 | INFO     | __main__:main:57 | 👤 Автор: Denis
2025-07-22 17:09:13 | INFO     | __main__:main:67 | 🎨 Встановлено світлу тему
2025-07-22 17:09:13 | INFO     | __main__:main:71 | ✨ Застосовано кастомні стилі
2025-07-22 17:09:14 | INFO     | __main__:main:79 | 🪟 Головне вікно створено та показано
2025-07-22 17:09:14 | INFO     | __main__:main:82 | ▶️ Запуск головного циклу програми
2025-07-22 17:09:30 | INFO     | __main__:main:85 | 🏁 Програма завершена
2025-07-22 17:09:30 | INFO     | config.logger:log_shutdown:101 | 🛑 Fitness CRM завершено
2025-07-22 17:12:59 | INFO     | config.logger:log_startup:95 | 🚀 Fitness CRM запущено
2025-07-22 17:12:59 | INFO     | config.logger:log_startup:96 | 📁 Робоча директорія: C:\Users\vedor\OneDrive\Рабочий стол\fitness_crm_pyside6
2025-07-22 17:12:59 | INFO     | config.logger:log_startup:97 | 🐍 Python версія: 3.12.9 (tags/v3.12.9:fdb8142, Feb  4 2025, 15:27:58) [MSC v.1942 64 bit (AMD64)]
2025-07-22 17:13:00 | INFO     | __main__:main:41 | 🚀 Запуск Fitness CRM...
2025-07-22 17:13:00 | INFO     | __main__:main:56 | 📱 Додаток: Fitness CRM v1.0.0
2025-07-22 17:13:00 | INFO     | __main__:main:57 | 👤 Автор: Denis
2025-07-22 17:13:00 | INFO     | __main__:main:67 | 🎨 Встановлено світлу тему
2025-07-22 17:13:00 | INFO     | __main__:main:71 | ✨ Застосовано кастомні стилі
2025-07-22 17:13:01 | INFO     | __main__:main:79 | 🪟 Головне вікно створено та показано
2025-07-22 17:13:01 | INFO     | __main__:main:82 | ▶️ Запуск головного циклу програми
2025-07-22 17:13:24 | INFO     | __main__:main:85 | 🏁 Програма завершена
2025-07-22 17:13:24 | INFO     | config.logger:log_shutdown:101 | 🛑 Fitness CRM завершено
2025-07-22 17:14:57 | INFO     | config.logger:log_startup:95 | 🚀 Fitness CRM запущено
2025-07-22 17:14:57 | INFO     | config.logger:log_startup:96 | 📁 Робоча директорія: C:\Users\vedor\OneDrive\Рабочий стол\fitness_crm_pyside6
2025-07-22 17:14:57 | INFO     | config.logger:log_startup:97 | 🐍 Python версія: 3.12.9 (tags/v3.12.9:fdb8142, Feb  4 2025, 15:27:58) [MSC v.1942 64 bit (AMD64)]
2025-07-22 17:14:58 | INFO     | __main__:main:41 | 🚀 Запуск Fitness CRM...
2025-07-22 17:14:58 | INFO     | __main__:main:56 | 📱 Додаток: Fitness CRM v1.0.0
2025-07-22 17:14:58 | INFO     | __main__:main:57 | 👤 Автор: Denis
2025-07-22 17:14:58 | INFO     | __main__:main:67 | 🎨 Встановлено світлу тему
2025-07-22 17:14:58 | INFO     | __main__:main:71 | ✨ Застосовано кастомні стилі
2025-07-22 17:14:59 | INFO     | __main__:main:79 | 🪟 Головне вікно створено та показано
2025-07-22 17:14:59 | INFO     | __main__:main:82 | ▶️ Запуск головного циклу програми
2025-07-22 17:15:04 | INFO     | __main__:main:85 | 🏁 Програма завершена
2025-07-22 17:15:04 | INFO     | config.logger:log_shutdown:101 | 🛑 Fitness CRM завершено
2025-07-22 17:15:50 | INFO     | config.logger:log_startup:95 | 🚀 Fitness CRM запущено
2025-07-22 17:15:50 | INFO     | config.logger:log_startup:96 | 📁 Робоча директорія: C:\Users\vedor\OneDrive\Рабочий стол\fitness_crm_pyside6
2025-07-22 17:15:50 | INFO     | config.logger:log_startup:97 | 🐍 Python версія: 3.12.9 (tags/v3.12.9:fdb8142, Feb  4 2025, 15:27:58) [MSC v.1942 64 bit (AMD64)]
2025-07-22 17:15:51 | INFO     | __main__:main:41 | 🚀 Запуск Fitness CRM...
2025-07-22 17:15:51 | INFO     | __main__:main:56 | 📱 Додаток: Fitness CRM v1.0.0
2025-07-22 17:15:51 | INFO     | __main__:main:57 | 👤 Автор: Denis
2025-07-22 17:15:51 | INFO     | __main__:main:67 | 🎨 Встановлено світлу тему
2025-07-22 17:15:51 | INFO     | __main__:main:71 | ✨ Застосовано кастомні стилі
2025-07-22 17:15:52 | INFO     | __main__:main:79 | 🪟 Головне вікно створено та показано
2025-07-22 17:15:52 | INFO     | __main__:main:82 | ▶️ Запуск головного циклу програми
2025-07-22 17:15:58 | INFO     | __main__:main:85 | 🏁 Програма завершена
2025-07-22 17:15:58 | INFO     | config.logger:log_shutdown:101 | 🛑 Fitness CRM завершено
2025-07-22 17:16:58 | INFO     | config.logger:log_startup:95 | 🚀 Fitness CRM запущено
2025-07-22 17:16:58 | INFO     | config.logger:log_startup:96 | 📁 Робоча директорія: C:\Users\vedor\OneDrive\Рабочий стол\fitness_crm_pyside6
2025-07-22 17:16:58 | INFO     | config.logger:log_startup:97 | 🐍 Python версія: 3.12.9 (tags/v3.12.9:fdb8142, Feb  4 2025, 15:27:58) [MSC v.1942 64 bit (AMD64)]
2025-07-22 17:16:59 | INFO     | __main__:main:41 | 🚀 Запуск Fitness CRM...
2025-07-22 17:16:59 | INFO     | __main__:main:56 | 📱 Додаток: Fitness CRM v1.0.0
2025-07-22 17:16:59 | INFO     | __main__:main:57 | 👤 Автор: Denis
2025-07-22 17:16:59 | INFO     | __main__:main:67 | 🎨 Встановлено світлу тему
2025-07-22 17:16:59 | INFO     | __main__:main:71 | ✨ Застосовано кастомні стилі
2025-07-22 17:17:00 | INFO     | __main__:main:79 | 🪟 Головне вікно створено та показано
2025-07-22 17:17:00 | INFO     | __main__:main:82 | ▶️ Запуск головного циклу програми
2025-07-22 17:17:26 | INFO     | __main__:main:85 | 🏁 Програма завершена
2025-07-22 17:17:26 | INFO     | config.logger:log_shutdown:101 | 🛑 Fitness CRM завершено
2025-07-22 17:19:56 | INFO     | config.logger:log_startup:95 | 🚀 Fitness CRM запущено
2025-07-22 17:19:56 | INFO     | config.logger:log_startup:96 | 📁 Робоча директорія: C:\Users\vedor\OneDrive\Рабочий стол\fitness_crm_pyside6
2025-07-22 17:19:56 | INFO     | config.logger:log_startup:97 | 🐍 Python версія: 3.12.9 (tags/v3.12.9:fdb8142, Feb  4 2025, 15:27:58) [MSC v.1942 64 bit (AMD64)]
2025-07-22 17:19:56 | INFO     | __main__:main:41 | 🚀 Запуск Fitness CRM...
2025-07-22 17:19:56 | INFO     | __main__:main:56 | 📱 Додаток: Fitness CRM v1.0.0
2025-07-22 17:19:56 | INFO     | __main__:main:57 | 👤 Автор: Denis
2025-07-22 17:19:56 | INFO     | __main__:main:67 | 🎨 Встановлено світлу тему
2025-07-22 17:19:56 | INFO     | __main__:main:71 | ✨ Застосовано кастомні стилі
2025-07-22 17:19:57 | INFO     | __main__:main:79 | 🪟 Головне вікно створено та показано
2025-07-22 17:19:57 | INFO     | __main__:main:82 | ▶️ Запуск головного циклу програми
2025-07-22 17:20:00 | INFO     | __main__:main:85 | 🏁 Програма завершена
2025-07-22 17:20:00 | INFO     | config.logger:log_shutdown:101 | 🛑 Fitness CRM завершено
2025-07-22 17:24:44 | INFO     | config.logger:log_startup:95 | 🚀 Fitness CRM запущено
2025-07-22 17:24:44 | INFO     | config.logger:log_startup:96 | 📁 Робоча директорія: C:\Users\vedor\OneDrive\Рабочий стол\fitness_crm_pyside6
2025-07-22 17:24:44 | INFO     | config.logger:log_startup:97 | 🐍 Python версія: 3.12.9 (tags/v3.12.9:fdb8142, Feb  4 2025, 15:27:58) [MSC v.1942 64 bit (AMD64)]
2025-07-22 17:24:45 | INFO     | __main__:main:41 | 🚀 Запуск Fitness CRM...
2025-07-22 17:24:45 | INFO     | __main__:main:56 | 📱 Додаток: Fitness CRM v1.0.0
2025-07-22 17:24:45 | INFO     | __main__:main:57 | 👤 Автор: Denis
2025-07-22 17:24:45 | INFO     | __main__:main:67 | 🎨 Встановлено світлу тему
2025-07-22 17:24:45 | INFO     | __main__:main:71 | ✨ Застосовано кастомні стилі
2025-07-22 17:24:46 | INFO     | __main__:main:79 | 🪟 Головне вікно створено та показано
2025-07-22 17:24:46 | INFO     | __main__:main:82 | ▶️ Запуск головного циклу програми
2025-07-22 17:24:49 | INFO     | __main__:main:85 | 🏁 Програма завершена
2025-07-22 17:24:49 | INFO     | config.logger:log_shutdown:101 | 🛑 Fitness CRM завершено
2025-07-22 17:32:28 | INFO     | config.logger:log_startup:95 | 🚀 Fitness CRM запущено
2025-07-22 17:32:28 | INFO     | config.logger:log_startup:96 | 📁 Робоча директорія: C:\Users\vedor\OneDrive\Рабочий стол\fitness_crm_pyside6
2025-07-22 17:32:28 | INFO     | config.logger:log_startup:97 | 🐍 Python версія: 3.12.9 (tags/v3.12.9:fdb8142, Feb  4 2025, 15:27:58) [MSC v.1942 64 bit (AMD64)]
2025-07-22 17:32:29 | INFO     | __main__:main:41 | 🚀 Запуск Fitness CRM...
2025-07-22 17:32:29 | INFO     | __main__:main:56 | 📱 Додаток: Fitness CRM v1.0.0
2025-07-22 17:32:29 | INFO     | __main__:main:57 | 👤 Автор: Denis
2025-07-22 17:32:29 | INFO     | __main__:main:67 | 🎨 Встановлено світлу тему
2025-07-22 17:32:29 | INFO     | __main__:main:71 | ✨ Застосовано кастомні стилі
2025-07-22 17:32:30 | INFO     | __main__:main:79 | 🪟 Головне вікно створено та показано
2025-07-22 17:32:30 | INFO     | __main__:main:82 | ▶️ Запуск головного циклу програми
2025-07-22 17:34:03 | INFO     | config.logger:log_startup:95 | 🚀 Fitness CRM запущено
2025-07-22 17:34:03 | INFO     | config.logger:log_startup:96 | 📁 Робоча директорія: C:\Users\vedor\OneDrive\Рабочий стол\fitness_crm_pyside6
2025-07-22 17:34:03 | INFO     | config.logger:log_startup:97 | 🐍 Python версія: 3.12.9 (tags/v3.12.9:fdb8142, Feb  4 2025, 15:27:58) [MSC v.1942 64 bit (AMD64)]
2025-07-22 17:34:04 | INFO     | __main__:main:41 | 🚀 Запуск Fitness CRM...
2025-07-22 17:34:04 | INFO     | __main__:main:56 | 📱 Додаток: Fitness CRM v1.0.0
2025-07-22 17:34:04 | INFO     | __main__:main:57 | 👤 Автор: Denis
2025-07-22 17:34:04 | INFO     | __main__:main:67 | 🎨 Встановлено світлу тему
2025-07-22 17:34:04 | INFO     | __main__:main:71 | ✨ Застосовано кастомні стилі
2025-07-22 17:34:05 | INFO     | __main__:main:79 | 🪟 Головне вікно створено та показано
2025-07-22 17:34:05 | INFO     | __main__:main:82 | ▶️ Запуск головного циклу програми
2025-07-22 17:34:14 | INFO     | __main__:main:85 | 🏁 Програма завершена
2025-07-22 17:34:14 | INFO     | config.logger:log_shutdown:101 | 🛑 Fitness CRM завершено
2025-07-22 17:35:07 | INFO     | config.logger:log_startup:95 | 🚀 Fitness CRM запущено
2025-07-22 17:35:07 | INFO     | config.logger:log_startup:96 | 📁 Робоча директорія: C:\Users\vedor\OneDrive\Рабочий стол\fitness_crm_pyside6
2025-07-22 17:35:07 | INFO     | config.logger:log_startup:97 | 🐍 Python версія: 3.12.9 (tags/v3.12.9:fdb8142, Feb  4 2025, 15:27:58) [MSC v.1942 64 bit (AMD64)]
2025-07-22 17:35:08 | INFO     | __main__:main:41 | 🚀 Запуск Fitness CRM...
2025-07-22 17:35:08 | INFO     | __main__:main:56 | 📱 Додаток: Fitness CRM v1.0.0
2025-07-22 17:35:08 | INFO     | __main__:main:57 | 👤 Автор: Denis
2025-07-22 17:35:08 | INFO     | __main__:main:67 | 🎨 Встановлено світлу тему
2025-07-22 17:35:08 | INFO     | __main__:main:71 | ✨ Застосовано кастомні стилі
2025-07-22 17:35:09 | INFO     | __main__:main:79 | 🪟 Головне вікно створено та показано
2025-07-22 17:35:09 | INFO     | __main__:main:82 | ▶️ Запуск головного циклу програми
2025-07-22 17:35:18 | INFO     | ui.dialogs.edit_client.main_dialog:_save_client_to_file:505 | 💾 Клієнта 'Ltyhbc dsfsdf' збережено: Ltyhbc_dsfsdf_5d061b96.json
